{"meta": {"format": 3, "version": "7.10.7", "timestamp": "2025-11-11T16:47:50.694385", "branch_coverage": true, "show_contexts": false}, "files": {"src/agents/__init__lazy.py": {"executed_lines": [], "summary": {"covered_lines": 0, "num_statements": 27, "percent_covered": 0.0, "percent_covered_display": "0.00", "missing_lines": 27, "excluded_lines": 18, "num_branches": 8, "num_partial_branches": 0, "covered_branches": 0, "missing_branches": 8}, "missing_lines": [8, 9, 12, 48, 81, 94, 97, 105, 106, 107, 110, 111, 114, 115, 118, 121, 122, 124, 125, 128, 130, 133, 135, 142, 143, 145, 148], "excluded_lines": [21, 22, 23, 24, 25, 26, 27, 28, 29, 30, 31, 32, 39, 40, 41, 42, 43, 44], "executed_branches": [], "missing_branches": [[105, 106], [105, 110], [110, 111], [110, 114], [114, 115], [114, 118], [121, 122], [121, 124]], "functions": {"__getattr__": {"executed_lines": [], "summary": {"covered_lines": 0, "num_statements": 14, "percent_covered": 0.0, "percent_covered_display": "0.00", "missing_lines": 14, "excluded_lines": 0, "num_branches": 8, "num_partial_branches": 0, "covered_branches": 0, "missing_branches": 8}, "missing_lines": [105, 106, 107, 110, 111, 114, 115, 118, 121, 122, 124, 125, 128, 130], "excluded_lines": [], "executed_branches": [], "missing_branches": [[105, 106], [105, 110], [110, 111], [110, 114], [114, 115], [114, 118], [121, 122], [121, 124]]}, "__dir__": {"executed_lines": [], "summary": {"covered_lines": 0, "num_statements": 4, "percent_covered": 0.0, "percent_covered_display": "0.00", "missing_lines": 4, "excluded_lines": 0, "num_branches": 0, "num_partial_branches": 0, "covered_branches": 0, "missing_branches": 0}, "missing_lines": [135, 142, 143, 145], "excluded_lines": [], "executed_branches": [], "missing_branches": []}, "": {"executed_lines": [], "summary": {"covered_lines": 0, "num_statements": 9, "percent_covered": 0.0, "percent_covered_display": "0.00", "missing_lines": 9, "excluded_lines": 18, "num_branches": 0, "num_partial_branches": 0, "covered_branches": 0, "missing_branches": 0}, "missing_lines": [8, 9, 12, 48, 81, 94, 97, 133, 148], "excluded_lines": [21, 22, 23, 24, 25, 26, 27, 28, 29, 30, 31, 32, 39, 40, 41, 42, 43, 44], "executed_branches": [], "missing_branches": []}}, "classes": {"": {"executed_lines": [], "summary": {"covered_lines": 0, "num_statements": 27, "percent_covered": 0.0, "percent_covered_display": "0.00", "missing_lines": 27, "excluded_lines": 18, "num_branches": 8, "num_partial_branches": 0, "covered_branches": 0, "missing_branches": 8}, "missing_lines": [8, 9, 12, 48, 81, 94, 97, 105, 106, 107, 110, 111, 114, 115, 118, 121, 122, 124, 125, 128, 130, 133, 135, 142, 143, 145, 148], "excluded_lines": [21, 22, 23, 24, 25, 26, 27, 28, 29, 30, 31, 32, 39, 40, 41, 42, 43, 44], "executed_branches": [], "missing_branches": [[105, 106], [105, 110], [110, 111], [110, 114], [114, 115], [114, 118], [121, 122], [121, 124]]}}}, "src/agents/abaporu.py": {"executed_lines": [1, 42, 43, 45, 46, 48, 49, 50, 52, 53, 56, 57, 59, 60, 61, 62, 63, 66, 71, 72, 74, 75, 76, 79, 80, 81, 84, 87, 88, 93, 94, 105, 123, 139, 140, 141, 142, 144, 150, 152, 155, 156, 159, 160, 161, 166, 167, 173, 174, 176, 178, 181, 182, 184, 185, 187, 188, 190, 192, 200, 201, 207, 222, 223, 225, 231, 232, 233, 234, 235, 236, 237, 238, 239, 241, 246, 256, 257, 264, 274, 289, 290, 291, 293, 294, 296, 303, 304, 307, 308, 311, 313, 314, 349, 350, 352, 353, 354, 356, 364, 367, 370, 372, 388, 390, 398, 400, 408, 409, 410, 412, 413, 414, 417, 419, 421, 422, 423, 424, 427, 428, 431, 432, 434, 436, 451, 454, 455, 456, 457, 460, 461, 468, 470, 471, 483, 484, 490, 491, 497, 500, 502, 509, 511, 526, 527, 528, 530, 531, 539, 541, 549, 551, 568, 570, 571, 583, 584, 591, 592, 598, 600, 602, 617, 618, 622, 632, 633, 634, 635, 637, 643, 644, 649, 651, 657, 659, 674, 675, 678, 681, 684, 685, 690, 694, 696, 711, 712, 718, 719, 722, 723, 724, 727, 728, 729, 732, 733, 734, 737, 738, 739, 742, 744, 759, 766, 768, 774, 777, 778, 781, 782, 785, 786, 788, 790, 796, 849, 855, 856, 858, 913, 927, 929, 930, 933, 947, 961, 977, 983, 984, 992, 994, 1005, 1017, 1018, 1026, 1029, 1041, 1042, 1050, 1053, 1054, 1062, 1065, 1068, 1074, 1087, 1093, 1095, 1096, 1098, 1100, 1109, 1123, 1124, 1125, 1127, 1128, 1130, 1131, 1134, 1135, 1136, 1137, 1140, 1142, 1143, 1146, 1159, 1161, 1162, 1165, 1166, 1174, 1176, 1178, 1181, 1182, 1190, 1192, 1194, 1195, 1198, 1199, 1207, 1210, 1211, 1212, 1213, 1214, 1222, 1225, 1226, 1228, 1229, 1230, 1231, 1234, 1242], "summary": {"covered_lines": 296, "num_statements": 313, "percent_covered": 91.24087591240875, "percent_covered_display": "91.24", "missing_lines": 17, "excluded_lines": 0, "num_branches": 98, "num_partial_branches": 15, "covered_branches": 79, "missing_branches": 19}, "missing_lines": [316, 321, 322, 323, 324, 325, 335, 338, 343, 344, 345, 995, 1003, 1006, 1014, 1030, 1038], "excluded_lines": [], "executed_branches": [[155, 156], [181, 182], [184, 185], [232, 233], [232, 234], [234, 235], [234, 236], [236, 237], [236, 238], [238, 239], [238, 241], [290, 291], [290, 293], [313, 314], [313, 364], [314, 349], [352, 353], [352, 356], [412, 413], [412, 431], [419, 421], [419, 427], [421, 422], [431, 432], [456, 457], [530, 531], [530, 539], [632, 633], [632, 651], [674, 675], [674, 678], [711, 712], [711, 718], [722, 723], [722, 727], [727, 728], [727, 732], [732, 733], [732, 737], [737, 738], [737, 742], [781, 782], [781, 785], [785, 786], [785, 788], [983, 984], [983, 994], [994, 1005], [1005, 1017], [1017, 1018], [1017, 1029], [1029, 1041], [1041, 1042], [1041, 1053], [1053, 1054], [1053, 1065], [1095, 1096], [1095, 1098], [1127, 1128], [1127, 1130], [1140, 1142], [1140, 1159], [1159, 1161], [1159, 1176], [1165, 1166], [1176, 1178], [1176, 1192], [1181, 1182], [1192, 1194], [1192, 1210], [1198, 1199], [1211, 1212], [1211, 1225], [1213, 1214], [1225, 1226], [1228, 1229], [1228, 1234], [1230, 1228], [1230, 1231]], "missing_branches": [[155, 159], [181, 184], [184, 187], [314, 316], [322, 323], [322, 338], [324, 322], [324, 325], [421, 423], [431, 434], [456, 468], [994, 995], [1005, 1006], [1029, 1030], [1165, 1176], [1181, 1192], [1198, 1210], [1213, 1225], [1225, 1234]], "functions": {"MasterAgent.__init__": {"executed_lines": [123, 139, 140, 141, 142, 144], "summary": {"covered_lines": 6, "num_statements": 6, "percent_covered": 100.0, "percent_covered_display": "100.00", "missing_lines": 0, "excluded_lines": 0, "num_branches": 0, "num_partial_branches": 0, "covered_branches": 0, "missing_branches": 0}, "missing_lines": [], "excluded_lines": [], "executed_branches": [], "missing_branches": []}, "MasterAgent.initialize": {"executed_lines": [152, 155, 156, 159, 160, 161, 166, 167, 173, 174], "summary": {"covered_lines": 10, "num_statements": 10, "percent_covered": 91.66666666666667, "percent_covered_display": "91.67", "missing_lines": 0, "excluded_lines": 0, "num_branches": 2, "num_partial_branches": 1, "covered_branches": 1, "missing_branches": 1}, "missing_lines": [], "excluded_lines": [], "executed_branches": [[155, 156]], "missing_branches": [[155, 159]]}, "MasterAgent.shutdown": {"executed_lines": [178, 181, 182, 184, 185, 187, 188, 190], "summary": {"covered_lines": 8, "num_statements": 8, "percent_covered": 83.33333333333333, "percent_covered_display": "83.33", "missing_lines": 0, "excluded_lines": 0, "num_branches": 4, "num_partial_branches": 2, "covered_branches": 2, "missing_branches": 2}, "missing_lines": [], "excluded_lines": [], "executed_branches": [[181, 182], [184, 185]], "missing_branches": [[181, 184], [184, 187]]}, "MasterAgent.register_agent": {"executed_lines": [200, 201], "summary": {"covered_lines": 2, "num_statements": 2, "percent_covered": 100.0, "percent_covered_display": "100.00", "missing_lines": 0, "excluded_lines": 0, "num_branches": 0, "num_partial_branches": 0, "covered_branches": 0, "missing_branches": 0}, "missing_lines": [], "excluded_lines": [], "executed_branches": [], "missing_branches": []}, "MasterAgent.process": {"executed_lines": [222, 223, 225, 231, 232, 233, 234, 235, 236, 237, 238, 239, 241, 246, 256, 257, 264], "summary": {"covered_lines": 17, "num_statements": 17, "percent_covered": 100.0, "percent_covered_display": "100.00", "missing_lines": 0, "excluded_lines": 0, "num_branches": 8, "num_partial_branches": 0, "covered_branches": 8, "missing_branches": 0}, "missing_lines": [], "excluded_lines": [], "executed_branches": [[232, 233], [232, 234], [234, 235], [234, 236], [236, 237], [236, 238], [238, 239], [238, 241]], "missing_branches": []}, "MasterAgent._investigate": {"executed_lines": [289, 290, 291, 293, 294, 296, 303, 304, 307, 308, 311, 313, 314, 349, 350, 352, 353, 354, 356, 364, 367, 370, 372, 388, 390, 398], "summary": {"covered_lines": 26, "num_statements": 37, "percent_covered": 67.34693877551021, "percent_covered_display": "67.35", "missing_lines": 11, "excluded_lines": 0, "num_branches": 12, "num_partial_branches": 1, "covered_branches": 7, "missing_branches": 5}, "missing_lines": [316, 321, 322, 323, 324, 325, 335, 338, 343, 344, 345], "excluded_lines": [], "executed_branches": [[290, 291], [290, 293], [313, 314], [313, 364], [314, 349], [352, 353], [352, 356]], "missing_branches": [[314, 316], [322, 323], [322, 338], [324, 322], [324, 325]]}, "MasterAgent._group_parallel_steps": {"executed_lines": [408, 409, 410, 412, 413, 414, 417, 419, 421, 422, 423, 424, 427, 428, 431, 432, 434], "summary": {"covered_lines": 17, "num_statements": 17, "percent_covered": 92.0, "percent_covered_display": "92.00", "missing_lines": 0, "excluded_lines": 0, "num_branches": 8, "num_partial_branches": 2, "covered_branches": 6, "missing_branches": 2}, "missing_lines": [], "excluded_lines": [], "executed_branches": [[412, 413], [412, 431], [419, 421], [419, 427], [421, 422], [431, 432]], "missing_branches": [[421, 423], [431, 434]]}, "MasterAgent._plan_investigation": {"executed_lines": [451, 454, 455, 456, 457, 460, 461, 468, 470, 471, 483, 484, 490, 491, 497, 500, 502, 509], "summary": {"covered_lines": 18, "num_statements": 18, "percent_covered": 95.0, "percent_covered_display": "95.00", "missing_lines": 0, "excluded_lines": 0, "num_branches": 2, "num_partial_branches": 1, "covered_branches": 1, "missing_branches": 1}, "missing_lines": [], "excluded_lines": [], "executed_branches": [[456, 457]], "missing_branches": [[456, 468]]}, "MasterAgent._execute_step": {"executed_lines": [526, 527, 528, 530, 531, 539, 541, 549], "summary": {"covered_lines": 8, "num_statements": 8, "percent_covered": 100.0, "percent_covered_display": "100.00", "missing_lines": 0, "excluded_lines": 0, "num_branches": 2, "num_partial_branches": 0, "covered_branches": 2, "missing_branches": 0}, "missing_lines": [], "excluded_lines": [], "executed_branches": [[530, 531], [530, 539]], "missing_branches": []}, "MasterAgent._generate_explanation": {"executed_lines": [568, 570, 571, 583, 584, 591, 592, 598, 600], "summary": {"covered_lines": 9, "num_statements": 9, "percent_covered": 100.0, "percent_covered_display": "100.00", "missing_lines": 0, "excluded_lines": 0, "num_branches": 0, "num_partial_branches": 0, "covered_branches": 0, "missing_branches": 0}, "missing_lines": [], "excluded_lines": [], "executed_branches": [], "missing_branches": []}, "MasterAgent._generate_fallback_explanation": {"executed_lines": [617, 618, 622, 632, 633, 634, 635, 637, 643, 644, 649, 651, 657], "summary": {"covered_lines": 13, "num_statements": 13, "percent_covered": 100.0, "percent_covered_display": "100.00", "missing_lines": 0, "excluded_lines": 0, "num_branches": 2, "num_partial_branches": 0, "covered_branches": 2, "missing_branches": 0}, "missing_lines": [], "excluded_lines": [], "executed_branches": [[632, 633], [632, 651]], "missing_branches": []}, "MasterAgent._calculate_confidence_score": {"executed_lines": [674, 675, 678, 681, 684, 685, 690, 694], "summary": {"covered_lines": 8, "num_statements": 8, "percent_covered": 100.0, "percent_covered_display": "100.00", "missing_lines": 0, "excluded_lines": 0, "num_branches": 2, "num_partial_branches": 0, "covered_branches": 2, "missing_branches": 0}, "missing_lines": [], "excluded_lines": [], "executed_branches": [[674, 675], [674, 678]], "missing_branches": []}, "MasterAgent.reflect": {"executed_lines": [711, 712, 718, 719, 722, 723, 724, 727, 728, 729, 732, 733, 734, 737, 738, 739, 742, 744, 759, 766], "summary": {"covered_lines": 20, "num_statements": 20, "percent_covered": 100.0, "percent_covered_display": "100.00", "missing_lines": 0, "excluded_lines": 0, "num_branches": 10, "num_partial_branches": 0, "covered_branches": 10, "missing_branches": 0}, "missing_lines": [], "excluded_lines": [], "executed_branches": [[711, 712], [711, 718], [722, 723], [722, 727], [727, 728], [727, 732], [732, 733], [732, 737], [737, 738], [737, 742]], "missing_branches": []}, "MasterAgent._calculate_quality_score": {"executed_lines": [774, 777, 778, 781, 782, 785, 786, 788], "summary": {"covered_lines": 8, "num_statements": 8, "percent_covered": 100.0, "percent_covered_display": "100.00", "missing_lines": 0, "excluded_lines": 0, "num_branches": 4, "num_partial_branches": 0, "covered_branches": 4, "missing_branches": 0}, "missing_lines": [], "excluded_lines": [], "executed_branches": [[781, 782], [781, 785], [785, 786], [785, 788]], "missing_branches": []}, "MasterAgent._create_planning_prompt": {"executed_lines": [796], "summary": {"covered_lines": 1, "num_statements": 1, "percent_covered": 100.0, "percent_covered_display": "100.00", "missing_lines": 0, "excluded_lines": 0, "num_branches": 0, "num_partial_branches": 0, "covered_branches": 0, "missing_branches": 0}, "missing_lines": [], "excluded_lines": [], "executed_branches": [], "missing_branches": []}, "MasterAgent._create_explanation_prompt": {"executed_lines": [855, 856, 858], "summary": {"covered_lines": 3, "num_statements": 3, "percent_covered": 100.0, "percent_covered_display": "100.00", "missing_lines": 0, "excluded_lines": 0, "num_branches": 0, "num_partial_branches": 0, "covered_branches": 0, "missing_branches": 0}, "missing_lines": [], "excluded_lines": [], "executed_branches": [], "missing_branches": []}, "MasterAgent._parse_investigation_plan": {"executed_lines": [927, 929, 930, 933, 947, 961, 977, 983, 984, 992, 994, 1005, 1017, 1018, 1026, 1029, 1041, 1042, 1050, 1053, 1054, 1062, 1065, 1068, 1074], "summary": {"covered_lines": 25, "num_statements": 31, "percent_covered": 80.0, "percent_covered_display": "80.00", "missing_lines": 6, "excluded_lines": 0, "num_branches": 14, "num_partial_branches": 3, "covered_branches": 11, "missing_branches": 3}, "missing_lines": [995, 1003, 1006, 1014, 1030, 1038], "excluded_lines": [], "executed_branches": [[983, 984], [983, 994], [994, 1005], [1005, 1017], [1017, 1018], [1017, 1029], [1029, 1041], [1041, 1042], [1041, 1053], [1053, 1054], [1053, 1065]], "missing_branches": [[994, 995], [1005, 1006], [1029, 1030]]}, "MasterAgent._monitor_progress": {"executed_lines": [1093, 1095, 1096, 1098, 1100], "summary": {"covered_lines": 5, "num_statements": 5, "percent_covered": 100.0, "percent_covered_display": "100.00", "missing_lines": 0, "excluded_lines": 0, "num_branches": 2, "num_partial_branches": 0, "covered_branches": 2, "missing_branches": 0}, "missing_lines": [], "excluded_lines": [], "executed_branches": [[1095, 1096], [1095, 1098]], "missing_branches": []}, "MasterAgent._adapt_strategy": {"executed_lines": [1123, 1124, 1125, 1127, 1128, 1130, 1131, 1134, 1135, 1136, 1137, 1140, 1142, 1143, 1146, 1159, 1161, 1162, 1165, 1166, 1174, 1176, 1178, 1181, 1182, 1190, 1192, 1194, 1195, 1198, 1199, 1207, 1210, 1211, 1212, 1213, 1214, 1222, 1225, 1226, 1228, 1229, 1230, 1231, 1234, 1242], "summary": {"covered_lines": 46, "num_statements": 46, "percent_covered": 93.05555555555556, "percent_covered_display": "93.06", "missing_lines": 0, "excluded_lines": 0, "num_branches": 26, "num_partial_branches": 5, "covered_branches": 21, "missing_branches": 5}, "missing_lines": [], "excluded_lines": [], "executed_branches": [[1127, 1128], [1127, 1130], [1140, 1142], [1140, 1159], [1159, 1161], [1159, 1176], [1165, 1166], [1176, 1178], [1176, 1192], [1181, 1182], [1192, 1194], [1192, 1210], [1198, 1199], [1211, 1212], [1211, 1225], [1213, 1214], [1225, 1226], [1228, 1229], [1228, 1234], [1230, 1228], [1230, 1231]], "missing_branches": [[1165, 1176], [1181, 1192], [1198, 1210], [1213, 1225], [1225, 1234]]}, "": {"executed_lines": [1, 42, 43, 45, 46, 48, 49, 50, 52, 53, 56, 57, 59, 60, 61, 62, 63, 66, 71, 72, 74, 75, 76, 79, 80, 81, 84, 87, 88, 93, 94, 105, 150, 176, 192, 207, 274, 400, 436, 511, 551, 602, 659, 696, 768, 790, 849, 913, 1087, 1109], "summary": {"covered_lines": 46, "num_statements": 46, "percent_covered": 100.0, "percent_covered_display": "100.00", "missing_lines": 0, "excluded_lines": 0, "num_branches": 0, "num_partial_branches": 0, "covered_branches": 0, "missing_branches": 0}, "missing_lines": [], "excluded_lines": [], "executed_branches": [], "missing_branches": []}}, "classes": {"InvestigationPlan": {"executed_lines": [], "summary": {"covered_lines": 0, "num_statements": 0, "percent_covered": 100.0, "percent_covered_display": "100.00", "missing_lines": 0, "excluded_lines": 0, "num_branches": 0, "num_partial_branches": 0, "covered_branches": 0, "missing_branches": 0}, "missing_lines": [], "excluded_lines": [], "executed_branches": [], "missing_branches": []}, "InvestigationResult": {"executed_lines": [], "summary": {"covered_lines": 0, "num_statements": 0, "percent_covered": 100.0, "percent_covered_display": "100.00", "missing_lines": 0, "excluded_lines": 0, "num_branches": 0, "num_partial_branches": 0, "covered_branches": 0, "missing_branches": 0}, "missing_lines": [], "excluded_lines": [], "executed_branches": [], "missing_branches": []}, "MasterAgent": {"executed_lines": [123, 139, 140, 141, 142, 144, 152, 155, 156, 159, 160, 161, 166, 167, 173, 174, 178, 181, 182, 184, 185, 187, 188, 190, 200, 201, 222, 223, 225, 231, 232, 233, 234, 235, 236, 237, 238, 239, 241, 246, 256, 257, 264, 289, 290, 291, 293, 294, 296, 303, 304, 307, 308, 311, 313, 314, 349, 350, 352, 353, 354, 356, 364, 367, 370, 372, 388, 390, 398, 408, 409, 410, 412, 413, 414, 417, 419, 421, 422, 423, 424, 427, 428, 431, 432, 434, 451, 454, 455, 456, 457, 460, 461, 468, 470, 471, 483, 484, 490, 491, 497, 500, 502, 509, 526, 527, 528, 530, 531, 539, 541, 549, 568, 570, 571, 583, 584, 591, 592, 598, 600, 617, 618, 622, 632, 633, 634, 635, 637, 643, 644, 649, 651, 657, 674, 675, 678, 681, 684, 685, 690, 694, 711, 712, 718, 719, 722, 723, 724, 727, 728, 729, 732, 733, 734, 737, 738, 739, 742, 744, 759, 766, 774, 777, 778, 781, 782, 785, 786, 788, 796, 855, 856, 858, 927, 929, 930, 933, 947, 961, 977, 983, 984, 992, 994, 1005, 1017, 1018, 1026, 1029, 1041, 1042, 1050, 1053, 1054, 1062, 1065, 1068, 1074, 1093, 1095, 1096, 1098, 1100, 1123, 1124, 1125, 1127, 1128, 1130, 1131, 1134, 1135, 1136, 1137, 1140, 1142, 1143, 1146, 1159, 1161, 1162, 1165, 1166, 1174, 1176, 1178, 1181, 1182, 1190, 1192, 1194, 1195, 1198, 1199, 1207, 1210, 1211, 1212, 1213, 1214, 1222, 1225, 1226, 1228, 1229, 1230, 1231, 1234, 1242], "summary": {"covered_lines": 250, "num_statements": 267, "percent_covered": 90.13698630136986, "percent_covered_display": "90.14", "missing_lines": 17, "excluded_lines": 0, "num_branches": 98, "num_partial_branches": 15, "covered_branches": 79, "missing_branches": 19}, "missing_lines": [316, 321, 322, 323, 324, 325, 335, 338, 343, 344, 345, 995, 1003, 1006, 1014, 1030, 1038], "excluded_lines": [], "executed_branches": [[155, 156], [181, 182], [184, 185], [232, 233], [232, 234], [234, 235], [234, 236], [236, 237], [236, 238], [238, 239], [238, 241], [290, 291], [290, 293], [313, 314], [313, 364], [314, 349], [352, 353], [352, 356], [412, 413], [412, 431], [419, 421], [419, 427], [421, 422], [431, 432], [456, 457], [530, 531], [530, 539], [632, 633], [632, 651], [674, 675], [674, 678], [711, 712], [711, 718], [722, 723], [722, 727], [727, 728], [727, 732], [732, 733], [732, 737], [737, 738], [737, 742], [781, 782], [781, 785], [785, 786], [785, 788], [983, 984], [983, 994], [994, 1005], [1005, 1017], [1017, 1018], [1017, 1029], [1029, 1041], [1041, 1042], [1041, 1053], [1053, 1054], [1053, 1065], [1095, 1096], [1095, 1098], [1127, 1128], [1127, 1130], [1140, 1142], [1140, 1159], [1159, 1161], [1159, 1176], [1165, 1166], [1176, 1178], [1176, 1192], [1181, 1182], [1192, 1194], [1192, 1210], [1198, 1199], [1211, 1212], [1211, 1225], [1213, 1214], [1225, 1226], [1228, 1229], [1228, 1234], [1230, 1228], [1230, 1231]], "missing_branches": [[155, 159], [181, 184], [184, 187], [314, 316], [322, 323], [322, 338], [324, 322], [324, 325], [421, 423], [431, 434], [456, 468], [994, 995], [1005, 1006], [1029, 1030], [1165, 1176], [1181, 1192], [1198, 1210], [1213, 1225], [1225, 1234]]}, "": {"executed_lines": [1, 42, 43, 45, 46, 48, 49, 50, 52, 53, 56, 57, 59, 60, 61, 62, 63, 66, 71, 72, 74, 75, 76, 79, 80, 81, 84, 87, 88, 93, 94, 105, 150, 176, 192, 207, 274, 400, 436, 511, 551, 602, 659, 696, 768, 790, 849, 913, 1087, 1109], "summary": {"covered_lines": 46, "num_statements": 46, "percent_covered": 100.0, "percent_covered_display": "100.00", "missing_lines": 0, "excluded_lines": 0, "num_branches": 0, "num_partial_branches": 0, "covered_branches": 0, "missing_branches": 0}, "missing_lines": [], "excluded_lines": [], "executed_branches": [], "missing_branches": []}}}, "src/agents/agent_pool_interface.py": {"executed_lines": [], "summary": {"covered_lines": 0, "num_statements": 5, "percent_covered": 0.0, "percent_covered_display": "0.00", "missing_lines": 5, "excluded_lines": 128, "num_branches": 0, "num_partial_branches": 0, "covered_branches": 0, "missing_branches": 0}, "missing_lines": [8, 9, 12, 76, 112], "excluded_lines": [25, 26, 27, 28, 29, 30, 31, 32, 33, 34, 35, 36, 38, 39, 40, 41, 42, 43, 44, 45, 46, 48, 49, 50, 51, 52, 53, 54, 55, 56, 57, 58, 59, 60, 62, 63, 64, 65, 66, 67, 68, 69, 70, 71, 72, 73, 84, 85, 86, 87, 88, 89, 90, 91, 92, 93, 94, 95, 96, 97, 98, 99, 101, 102, 103, 104, 105, 106, 107, 108, 109, 120, 121, 122, 123, 124, 125, 126, 127, 128, 129, 130, 131, 132, 133, 134, 135, 136, 137, 138, 139, 140, 141, 142, 144, 145, 146, 147, 148, 149, 150, 151, 152, 153, 154, 155, 156, 157, 158, 159, 160, 162, 163, 164, 165, 166, 167, 168, 169, 170, 172, 173, 174, 175, 176, 177, 178, 179], "executed_branches": [], "missing_branches": [], "functions": {"AgentPoolInterface.start": {"executed_lines": [], "summary": {"covered_lines": 0, "num_statements": 0, "percent_covered": 100.0, "percent_covered_display": "100.00", "missing_lines": 0, "excluded_lines": 10, "num_branches": 0, "num_partial_branches": 0, "covered_branches": 0, "missing_branches": 0}, "missing_lines": [], "excluded_lines": [27, 28, 29, 30, 31, 32, 33, 34, 35, 36], "executed_branches": [], "missing_branches": []}, "AgentPoolInterface.stop": {"executed_lines": [], "summary": {"covered_lines": 0, "num_statements": 0, "percent_covered": 100.0, "percent_covered_display": "100.00", "missing_lines": 0, "excluded_lines": 7, "num_branches": 0, "num_partial_branches": 0, "covered_branches": 0, "missing_branches": 0}, "missing_lines": [], "excluded_lines": [40, 41, 42, 43, 44, 45, 46], "executed_branches": [], "missing_branches": []}, "AgentPoolInterface.get_stats": {"executed_lines": [], "summary": {"covered_lines": 0, "num_statements": 0, "percent_covered": 100.0, "percent_covered_display": "100.00", "missing_lines": 0, "excluded_lines": 11, "num_branches": 0, "num_partial_branches": 0, "covered_branches": 0, "missing_branches": 0}, "missing_lines": [], "excluded_lines": [50, 51, 52, 53, 54, 55, 56, 57, 58, 59, 60], "executed_branches": [], "missing_branches": []}, "AgentPoolInterface.health_check": {"executed_lines": [], "summary": {"covered_lines": 0, "num_statements": 0, "percent_covered": 100.0, "percent_covered_display": "100.00", "missing_lines": 0, "excluded_lines": 10, "num_branches": 0, "num_partial_branches": 0, "covered_branches": 0, "missing_branches": 0}, "missing_lines": [], "excluded_lines": [64, 65, 66, 67, 68, 69, 70, 71, 72, 73], "executed_branches": [], "missing_branches": []}, "SimplePoolInterface.acquire": {"executed_lines": [], "summary": {"covered_lines": 0, "num_statements": 0, "percent_covered": 100.0, "percent_covered_display": "100.00", "missing_lines": 0, "excluded_lines": 14, "num_branches": 0, "num_partial_branches": 0, "covered_branches": 0, "missing_branches": 0}, "missing_lines": [], "excluded_lines": [86, 87, 88, 89, 90, 91, 92, 93, 94, 95, 96, 97, 98, 99], "executed_branches": [], "missing_branches": []}, "SimplePoolInterface.prewarm": {"executed_lines": [], "summary": {"covered_lines": 0, "num_statements": 0, "percent_covered": 100.0, "percent_covered_display": "100.00", "missing_lines": 0, "excluded_lines": 7, "num_branches": 0, "num_partial_branches": 0, "covered_branches": 0, "missing_branches": 0}, "missing_lines": [], "excluded_lines": [103, 104, 105, 106, 107, 108, 109], "executed_branches": [], "missing_branches": []}, "DistributedPoolInterface.submit_task": {"executed_lines": [], "summary": {"covered_lines": 0, "num_statements": 0, "percent_covered": 100.0, "percent_covered_display": "100.00", "missing_lines": 0, "excluded_lines": 14, "num_branches": 0, "num_partial_branches": 0, "covered_branches": 0, "missing_branches": 0}, "missing_lines": [], "excluded_lines": [129, 130, 131, 132, 133, 134, 135, 136, 137, 138, 139, 140, 141, 142], "executed_branches": [], "missing_branches": []}, "DistributedPoolInterface.get_task_result": {"executed_lines": [], "summary": {"covered_lines": 0, "num_statements": 0, "percent_covered": 100.0, "percent_covered_display": "100.00", "missing_lines": 0, "excluded_lines": 15, "num_branches": 0, "num_partial_branches": 0, "covered_branches": 0, "missing_branches": 0}, "missing_lines": [], "excluded_lines": [146, 147, 148, 149, 150, 151, 152, 153, 154, 155, 156, 157, 158, 159, 160], "executed_branches": [], "missing_branches": []}, "DistributedPoolInterface.initialize": {"executed_lines": [], "summary": {"covered_lines": 0, "num_statements": 0, "percent_covered": 100.0, "percent_covered_display": "100.00", "missing_lines": 0, "excluded_lines": 7, "num_branches": 0, "num_partial_branches": 0, "covered_branches": 0, "missing_branches": 0}, "missing_lines": [], "excluded_lines": [164, 165, 166, 167, 168, 169, 170], "executed_branches": [], "missing_branches": []}, "DistributedPoolInterface.shutdown": {"executed_lines": [], "summary": {"covered_lines": 0, "num_statements": 0, "percent_covered": 100.0, "percent_covered_display": "100.00", "missing_lines": 0, "excluded_lines": 6, "num_branches": 0, "num_partial_branches": 0, "covered_branches": 0, "missing_branches": 0}, "missing_lines": [], "excluded_lines": [174, 175, 176, 177, 178, 179], "executed_branches": [], "missing_branches": []}, "": {"executed_lines": [], "summary": {"covered_lines": 0, "num_statements": 5, "percent_covered": 0.0, "percent_covered_display": "0.00", "missing_lines": 5, "excluded_lines": 27, "num_branches": 0, "num_partial_branches": 0, "covered_branches": 0, "missing_branches": 0}, "missing_lines": [8, 9, 12, 76, 112], "excluded_lines": [25, 26, 38, 39, 48, 49, 62, 63, 84, 85, 101, 102, 120, 121, 122, 123, 124, 125, 126, 127, 128, 144, 145, 162, 163, 172, 173], "executed_branches": [], "missing_branches": []}}, "classes": {"AgentPoolInterface": {"executed_lines": [], "summary": {"covered_lines": 0, "num_statements": 0, "percent_covered": 100.0, "percent_covered_display": "100.00", "missing_lines": 0, "excluded_lines": 38, "num_branches": 0, "num_partial_branches": 0, "covered_branches": 0, "missing_branches": 0}, "missing_lines": [], "excluded_lines": [27, 28, 29, 30, 31, 32, 33, 34, 35, 36, 40, 41, 42, 43, 44, 45, 46, 50, 51, 52, 53, 54, 55, 56, 57, 58, 59, 60, 64, 65, 66, 67, 68, 69, 70, 71, 72, 73], "executed_branches": [], "missing_branches": []}, "SimplePoolInterface": {"executed_lines": [], "summary": {"covered_lines": 0, "num_statements": 0, "percent_covered": 100.0, "percent_covered_display": "100.00", "missing_lines": 0, "excluded_lines": 21, "num_branches": 0, "num_partial_branches": 0, "covered_branches": 0, "missing_branches": 0}, "missing_lines": [], "excluded_lines": [86, 87, 88, 89, 90, 91, 92, 93, 94, 95, 96, 97, 98, 99, 103, 104, 105, 106, 107, 108, 109], "executed_branches": [], "missing_branches": []}, "DistributedPoolInterface": {"executed_lines": [], "summary": {"covered_lines": 0, "num_statements": 0, "percent_covered": 100.0, "percent_covered_display": "100.00", "missing_lines": 0, "excluded_lines": 42, "num_branches": 0, "num_partial_branches": 0, "covered_branches": 0, "missing_branches": 0}, "missing_lines": [], "excluded_lines": [129, 130, 131, 132, 133, 134, 135, 136, 137, 138, 139, 140, 141, 142, 146, 147, 148, 149, 150, 151, 152, 153, 154, 155, 156, 157, 158, 159, 160, 164, 165, 166, 167, 168, 169, 170, 174, 175, 176, 177, 178, 179], "executed_branches": [], "missing_branches": []}, "": {"executed_lines": [], "summary": {"covered_lines": 0, "num_statements": 5, "percent_covered": 0.0, "percent_covered_display": "0.00", "missing_lines": 5, "excluded_lines": 27, "num_branches": 0, "num_partial_branches": 0, "covered_branches": 0, "missing_branches": 0}, "missing_lines": [8, 9, 12, 76, 112], "excluded_lines": [25, 26, 38, 39, 48, 49, 62, 63, 84, 85, 101, 102, 120, 121, 122, 123, 124, 125, 126, 127, 128, 144, 145, 162, 163, 172, 173], "executed_branches": [], "missing_branches": []}}}, "src/agents/anita.py": {"executed_lines": [1, 10, 11, 12, 13, 15, 16, 17, 18, 20, 21, 22, 23, 24, 27, 28, 29, 31, 32, 33, 34, 35, 36, 37, 38, 39, 40, 43, 44, 45, 47, 48, 49, 50, 51, 52, 53, 54, 55, 58, 59, 61, 62, 65, 68, 71, 74, 77, 82, 83, 97, 111, 127, 128, 129, 132, 135, 147, 154, 156, 158, 160, 162, 175, 176, 184, 187, 188, 190, 192, 198, 200, 201, 215, 218, 223, 226, 245, 253, 260, 261, 268, 280, 296, 297, 300, 302, 309, 316, 319, 321, 327, 328, 330, 331, 332, 337, 338, 345, 348, 350, 351, 352, 353, 356, 359, 372, 373, 380, 381, 387, 389, 391, 408, 411, 412, 416, 417, 418, 419, 420, 421, 423, 430, 431, 439, 441, 443, 460, 462, 465, 466, 468, 481, 483, 487, 490, 491, 493, 494, 495, 497, 498, 499, 501, 502, 505, 506, 509, 510, 512, 513, 514, 517, 518, 519, 521, 555, 557, 559, 563, 566, 568, 569, 570, 572, 573, 574, 575, 577, 578, 581, 582, 583, 584, 585, 593, 594, 595, 597, 598, 599, 601, 642, 644, 648, 651, 660, 661, 662, 663, 664, 665, 667, 668, 669, 670, 671, 672, 673, 676, 677, 678, 681, 682, 684, 718, 720, 722, 726, 729, 731, 732, 733, 735, 736, 737, 739, 740, 743, 744, 745, 748, 749, 750, 754, 755, 757, 758, 760, 792, 794, 796, 800, 803, 804, 805, 806, 807, 809, 810, 813, 816, 819, 826, 827, 829, 830, 831, 832, 833, 835, 836, 839, 840, 841, 846, 847, 849, 883, 885, 887, 891, 895, 899, 900, 901, 902, 904, 905, 906, 909, 910, 911, 913, 914, 915, 916, 917, 919, 921, 923, 924, 928, 934, 959, 961, 963, 967, 970, 979, 980, 981, 982, 983, 985, 986, 987, 988, 989, 990, 991, 994, 995, 996, 997, 1000, 1001, 1006, 1008, 1017, 1018, 1019, 1020, 1022, 1023, 1024, 1026, 1027, 1030, 1032, 1072, 1074, 1076, 1093, 1095, 1097, 1098, 1099, 1100, 1102, 1103, 1104, 1107, 1108, 1112, 1113, 1118, 1123, 1128, 1131, 1132, 1172, 1175, 1178, 1212, 1214, 1223, 1225, 1358, 1362, 1364, 1366, 1372, 1375, 1377, 1378, 1379, 1384, 1387, 1390, 1391, 1403, 1406, 1407, 1408, 1410, 1414, 1419, 1420, 1423, 1427, 1428, 1429, 1430, 1432, 1434, 1436, 1438, 1439, 1440, 1441, 1443, 1445, 1452, 1455, 1456, 1462, 1467, 1468, 1469, 1474, 1475, 1476, 1479, 1480, 1483, 1488, 1493, 1494, 1498, 1500, 1508, 1514, 1515, 1518, 1519, 1522, 1526, 1539, 1541, 1554, 1556], "summary": {"covered_lines": 408, "num_statements": 463, "percent_covered": 85.47140649149922, "percent_covered_display": "85.47", "missing_lines": 55, "excluded_lines": 0, "num_branches": 184, "num_partial_branches": 21, "covered_branches": 145, "missing_branches": 39}, "missing_lines": [189, 339, 341, 342, 354, 474, 475, 602, 605, 607, 640, 1109, 1220, 1221, 1242, 1244, 1246, 1247, 1248, 1249, 1252, 1258, 1259, 1261, 1264, 1265, 1266, 1268, 1269, 1271, 1272, 1275, 1276, 1277, 1280, 1281, 1283, 1284, 1285, 1286, 1288, 1291, 1297, 1301, 1339, 1341, 1342, 1345, 1347, 1353, 1354, 1356, 1373, 1399, 1400], "excluded_lines": [], "executed_branches": [[184, 187], [184, 192], [188, 190], [200, 201], [200, 215], [319, 321], [319, 356], [327, 328], [327, 345], [331, 332], [348, 319], [348, 350], [351, 352], [353, 319], [372, 373], [372, 389], [416, 417], [416, 439], [417, 418], [462, 465], [462, 481], [493, 494], [493, 501], [497, 493], [497, 498], [501, 502], [501, 505], [512, 513], [512, 557], [517, 518], [568, 569], [568, 577], [572, 568], [572, 573], [577, 578], [577, 581], [582, 583], [582, 593], [583, 584], [597, 598], [597, 642], [598, 597], [598, 599], [601, 597], [660, 661], [660, 676], [667, 660], [667, 668], [670, 671], [672, 673], [676, 677], [676, 720], [681, 676], [681, 682], [731, 732], [731, 739], [735, 731], [735, 736], [739, 740], [739, 743], [748, 749], [748, 794], [754, 755], [757, 758], [757, 794], [804, 805], [804, 809], [806, 804], [806, 807], [809, 810], [809, 813], [829, 830], [829, 835], [839, 840], [839, 885], [846, 839], [846, 847], [899, 900], [899, 909], [904, 899], [904, 905], [909, 910], [909, 961], [913, 914], [913, 919], [914, 913], [914, 915], [915, 916], [919, 921], [923, 924], [923, 961], [979, 980], [979, 994], [985, 979], [985, 986], [988, 989], [988, 990], [990, 991], [995, 996], [995, 1017], [996, 997], [1017, 1018], [1017, 1074], [1022, 1023], [1022, 1074], [1023, 1022], [1023, 1024], [1026, 1022], [1026, 1027], [1098, 1099], [1098, 1102], [1102, 1103], [1102, 1214], [1103, 1104], [1103, 1107], [1108, 1112], [1128, 1131], [1128, 1175], [1131, 1132], [1175, 1102], [1175, 1178], [1364, 1366], [1364, 1403], [1372, 1375], [1378, 1379], [1390, 1391], [1407, 1408], [1407, 1410], [1419, 1420], [1419, 1434], [1427, 1428], [1427, 1429], [1429, 1430], [1429, 1432], [1438, 1439], [1438, 1440], [1440, 1441], [1440, 1443], [1467, 1468], [1467, 1479], [1474, 1475], [1479, 1480], [1479, 1488], [1493, 1494], [1493, 1498]], "missing_branches": [[188, 189], [331, 345], [351, 319], [353, 354], [417, 416], [517, 557], [583, 582], [601, 602], [670, 672], [672, 660], [754, 794], [915, 914], [919, 961], [990, 979], [996, 995], [1108, 1109], [1131, 1128], [1247, 1248], [1247, 1252], [1258, 1259], [1258, 1261], [1264, 1265], [1264, 1347], [1265, 1264], [1265, 1266], [1271, 1272], [1271, 1275], [1276, 1277], [1276, 1280], [1283, 1284], [1283, 1285], [1285, 1286], [1285, 1288], [1297, 1265], [1297, 1301], [1372, 1373], [1378, 1364], [1390, 1364], [1474, 1479]], "functions": {"AnalystAgent.__init__": {"executed_lines": [111, 127, 128, 129, 132, 135, 147], "summary": {"covered_lines": 7, "num_statements": 7, "percent_covered": 100.0, "percent_covered_display": "100.00", "missing_lines": 0, "excluded_lines": 0, "num_branches": 0, "num_partial_branches": 0, "covered_branches": 0, "missing_branches": 0}, "missing_lines": [], "excluded_lines": [], "executed_branches": [], "missing_branches": []}, "AnalystAgent.initialize": {"executed_lines": [156], "summary": {"covered_lines": 1, "num_statements": 1, "percent_covered": 100.0, "percent_covered_display": "100.00", "missing_lines": 0, "excluded_lines": 0, "num_branches": 0, "num_partial_branches": 0, "covered_branches": 0, "missing_branches": 0}, "missing_lines": [], "excluded_lines": [], "executed_branches": [], "missing_branches": []}, "AnalystAgent.shutdown": {"executed_lines": [160], "summary": {"covered_lines": 1, "num_statements": 1, "percent_covered": 100.0, "percent_covered_display": "100.00", "missing_lines": 0, "excluded_lines": 0, "num_branches": 0, "num_partial_branches": 0, "covered_branches": 0, "missing_branches": 0}, "missing_lines": [], "excluded_lines": [], "executed_branches": [], "missing_branches": []}, "AnalystAgent.process": {"executed_lines": [175, 176, 184, 187, 188, 190, 192, 198, 200, 201, 215, 218, 223, 226, 245, 253, 260, 261, 268], "summary": {"covered_lines": 19, "num_statements": 20, "percent_covered": 92.3076923076923, "percent_covered_display": "92.31", "missing_lines": 1, "excluded_lines": 0, "num_branches": 6, "num_partial_branches": 1, "covered_branches": 5, "missing_branches": 1}, "missing_lines": [189], "excluded_lines": [], "executed_branches": [[184, 187], [184, 192], [188, 190], [200, 201], [200, 215]], "missing_branches": [[188, 189]]}, "AnalystAgent._fetch_analysis_data": {"executed_lines": [296, 297, 300, 302, 309, 316, 319, 321, 327, 328, 330, 331, 332, 337, 338, 345, 348, 350, 351, 352, 353, 356, 359, 372, 373, 380, 381, 387, 389], "summary": {"covered_lines": 29, "num_statements": 33, "percent_covered": 85.1063829787234, "percent_covered_display": "85.11", "missing_lines": 4, "excluded_lines": 0, "num_branches": 14, "num_partial_branches": 3, "covered_branches": 11, "missing_branches": 3}, "missing_lines": [339, 341, 342, 354], "excluded_lines": [], "executed_branches": [[319, 321], [319, 356], [327, 328], [327, 345], [331, 332], [348, 319], [348, 350], [351, 352], [353, 319], [372, 373], [372, 389]], "missing_branches": [[331, 345], [351, 319], [353, 354]]}, "AnalystAgent._run_pattern_analysis": {"executed_lines": [408, 411, 412, 416, 417, 418, 419, 420, 421, 423, 430, 431, 439, 441], "summary": {"covered_lines": 14, "num_statements": 14, "percent_covered": 94.44444444444444, "percent_covered_display": "94.44", "missing_lines": 0, "excluded_lines": 0, "num_branches": 4, "num_partial_branches": 1, "covered_branches": 3, "missing_branches": 1}, "missing_lines": [], "excluded_lines": [], "executed_branches": [[416, 417], [416, 439], [417, 418]], "missing_branches": [[417, 416]]}, "AnalystAgent._run_correlation_analysis": {"executed_lines": [460, 462, 465, 466, 468, 481], "summary": {"covered_lines": 6, "num_statements": 8, "percent_covered": 80.0, "percent_covered_display": "80.00", "missing_lines": 2, "excluded_lines": 0, "num_branches": 2, "num_partial_branches": 0, "covered_branches": 2, "missing_branches": 0}, "missing_lines": [474, 475], "excluded_lines": [], "executed_branches": [[462, 465], [462, 481]], "missing_branches": []}, "AnalystAgent._analyze_spending_trends": {"executed_lines": [487, 490, 491, 493, 494, 495, 497, 498, 499, 501, 502, 505, 506, 509, 510, 512, 513, 514, 517, 518, 519, 521, 555, 557], "summary": {"covered_lines": 24, "num_statements": 24, "percent_covered": 97.05882352941177, "percent_covered_display": "97.06", "missing_lines": 0, "excluded_lines": 0, "num_branches": 10, "num_partial_branches": 1, "covered_branches": 9, "missing_branches": 1}, "missing_lines": [], "excluded_lines": [], "executed_branches": [[493, 494], [493, 501], [497, 493], [497, 498], [501, 502], [501, 505], [512, 513], [512, 557], [517, 518]], "missing_branches": [[517, 557]]}, "AnalystAgent._analyze_organizational_patterns": {"executed_lines": [563, 566, 568, 569, 570, 572, 573, 574, 575, 577, 578, 581, 582, 583, 584, 585, 593, 594, 595, 597, 598, 599, 601, 642], "summary": {"covered_lines": 24, "num_statements": 28, "percent_covered": 86.36363636363636, "percent_covered_display": "86.36", "missing_lines": 4, "excluded_lines": 0, "num_branches": 16, "num_partial_branches": 2, "covered_branches": 14, "missing_branches": 2}, "missing_lines": [602, 605, 607, 640], "excluded_lines": [], "executed_branches": [[568, 569], [568, 577], [572, 568], [572, 573], [577, 578], [577, 581], [582, 583], [582, 593], [583, 584], [597, 598], [597, 642], [598, 597], [598, 599], [601, 597]], "missing_branches": [[583, 582], [601, 602]]}, "AnalystAgent._analyze_vendor_behavior": {"executed_lines": [648, 651, 660, 661, 662, 663, 664, 665, 667, 668, 669, 670, 671, 672, 673, 676, 677, 678, 681, 682, 684, 718, 720], "summary": {"covered_lines": 23, "num_statements": 23, "percent_covered": 94.28571428571429, "percent_covered_display": "94.29", "missing_lines": 0, "excluded_lines": 0, "num_branches": 12, "num_partial_branches": 2, "covered_branches": 10, "missing_branches": 2}, "missing_lines": [], "excluded_lines": [], "executed_branches": [[660, 661], [660, 676], [667, 660], [667, 668], [670, 671], [672, 673], [676, 677], [676, 720], [681, 676], [681, 682]], "missing_branches": [[670, 672], [672, 660]]}, "AnalystAgent._analyze_seasonal_patterns": {"executed_lines": [726, 729, 731, 732, 733, 735, 736, 737, 739, 740, 743, 744, 745, 748, 749, 750, 754, 755, 757, 758, 760, 792, 794], "summary": {"covered_lines": 23, "num_statements": 23, "percent_covered": 97.14285714285714, "percent_covered_display": "97.14", "missing_lines": 0, "excluded_lines": 0, "num_branches": 12, "num_partial_branches": 1, "covered_branches": 11, "missing_branches": 1}, "missing_lines": [], "excluded_lines": [], "executed_branches": [[731, 732], [731, 739], [735, 731], [735, 736], [739, 740], [739, 743], [748, 749], [748, 794], [754, 755], [757, 758], [757, 794]], "missing_branches": [[754, 794]]}, "AnalystAgent._analyze_value_distribution": {"executed_lines": [800, 803, 804, 805, 806, 807, 809, 810, 813, 816, 819, 826, 827, 829, 830, 831, 832, 833, 835, 836, 839, 840, 841, 846, 847, 849, 883, 885], "summary": {"covered_lines": 28, "num_statements": 28, "percent_covered": 100.0, "percent_covered_display": "100.00", "missing_lines": 0, "excluded_lines": 0, "num_branches": 12, "num_partial_branches": 0, "covered_branches": 12, "missing_branches": 0}, "missing_lines": [], "excluded_lines": [], "executed_branches": [[804, 805], [804, 809], [806, 804], [806, 807], [809, 810], [809, 813], [829, 830], [829, 835], [839, 840], [839, 885], [846, 839], [846, 847]], "missing_branches": []}, "AnalystAgent._perform_correlation_analysis": {"executed_lines": [891, 895, 899, 900, 901, 902, 904, 905, 906, 909, 910, 911, 913, 914, 915, 916, 917, 919, 921, 923, 924, 928, 934, 959, 961], "summary": {"covered_lines": 25, "num_statements": 25, "percent_covered": 95.1219512195122, "percent_covered_display": "95.12", "missing_lines": 0, "excluded_lines": 0, "num_branches": 16, "num_partial_branches": 2, "covered_branches": 14, "missing_branches": 2}, "missing_lines": [], "excluded_lines": [], "executed_branches": [[899, 900], [899, 909], [904, 899], [904, 905], [909, 910], [909, 961], [913, 914], [913, 919], [914, 913], [914, 915], [915, 916], [919, 921], [923, 924], [923, 961]], "missing_branches": [[915, 914], [919, 961]]}, "AnalystAgent._calculate_efficiency_metrics": {"executed_lines": [967, 970, 979, 980, 981, 982, 983, 985, 986, 987, 988, 989, 990, 991, 994, 995, 996, 997, 1000, 1001, 1006, 1008, 1017, 1018, 1019, 1020, 1022, 1023, 1024, 1026, 1027, 1030, 1032, 1072, 1074], "summary": {"covered_lines": 35, "num_statements": 35, "percent_covered": 96.36363636363636, "percent_covered_display": "96.36", "missing_lines": 0, "excluded_lines": 0, "num_branches": 20, "num_partial_branches": 2, "covered_branches": 18, "missing_branches": 2}, "missing_lines": [], "excluded_lines": [], "executed_branches": [[979, 980], [979, 994], [985, 979], [985, 986], [988, 989], [988, 990], [990, 991], [995, 996], [995, 1017], [996, 997], [1017, 1018], [1017, 1074], [1022, 1023], [1022, 1074], [1023, 1022], [1023, 1024], [1026, 1022], [1026, 1027]], "missing_branches": [[990, 979], [996, 995]]}, "AnalystAgent._analyze_spectral_patterns": {"executed_lines": [1093, 1095, 1097, 1098, 1099, 1100, 1102, 1103, 1104, 1107, 1108, 1112, 1113, 1118, 1123, 1128, 1131, 1132, 1172, 1175, 1178, 1212, 1214, 1223], "summary": {"covered_lines": 24, "num_statements": 27, "percent_covered": 87.8048780487805, "percent_covered_display": "87.80", "missing_lines": 3, "excluded_lines": 0, "num_branches": 14, "num_partial_branches": 2, "covered_branches": 12, "missing_branches": 2}, "missing_lines": [1109, 1220, 1221], "excluded_lines": [], "executed_branches": [[1098, 1099], [1098, 1102], [1102, 1103], [1102, 1214], [1103, 1104], [1103, 1107], [1108, 1112], [1128, 1131], [1128, 1175], [1131, 1132], [1175, 1102], [1175, 1178]], "missing_branches": [[1108, 1109], [1131, 1128]]}, "AnalystAgent._perform_cross_spectral_analysis": {"executed_lines": [], "summary": {"covered_lines": 0, "num_statements": 38, "percent_covered": 0.0, "percent_covered_display": "0.00", "missing_lines": 38, "excluded_lines": 0, "num_branches": 18, "num_partial_branches": 0, "covered_branches": 0, "missing_branches": 18}, "missing_lines": [1242, 1244, 1246, 1247, 1248, 1249, 1252, 1258, 1259, 1261, 1264, 1265, 1266, 1268, 1269, 1271, 1272, 1275, 1276, 1277, 1280, 1281, 1283, 1284, 1285, 1286, 1288, 1291, 1297, 1301, 1339, 1341, 1342, 1345, 1347, 1353, 1354, 1356], "excluded_lines": [], "executed_branches": [], "missing_branches": [[1247, 1248], [1247, 1252], [1258, 1259], [1258, 1261], [1264, 1265], [1264, 1347], [1265, 1264], [1265, 1266], [1271, 1272], [1271, 1275], [1276, 1277], [1276, 1280], [1283, 1284], [1283, 1285], [1285, 1286], [1285, 1288], [1297, 1265], [1297, 1301]]}, "AnalystAgent._prepare_time_series_for_org": {"executed_lines": [1362, 1364, 1366, 1372, 1375, 1377, 1378, 1379, 1384, 1387, 1390, 1391, 1403, 1406, 1407, 1408, 1410], "summary": {"covered_lines": 17, "num_statements": 20, "percent_covered": 80.0, "percent_covered_display": "80.00", "missing_lines": 3, "excluded_lines": 0, "num_branches": 10, "num_partial_branches": 3, "covered_branches": 7, "missing_branches": 3}, "missing_lines": [1373, 1399, 1400], "excluded_lines": [], "executed_branches": [[1364, 1366], [1364, 1403], [1372, 1375], [1378, 1379], [1390, 1391], [1407, 1408], [1407, 1410]], "missing_branches": [[1372, 1373], [1378, 1364], [1390, 1364]]}, "AnalystAgent._classify_trend_from_spectral": {"executed_lines": [1419, 1420, 1423, 1427, 1428, 1429, 1430, 1432, 1434], "summary": {"covered_lines": 9, "num_statements": 9, "percent_covered": 100.0, "percent_covered_display": "100.00", "missing_lines": 0, "excluded_lines": 0, "num_branches": 6, "num_partial_branches": 0, "covered_branches": 6, "missing_branches": 0}, "missing_lines": [], "excluded_lines": [], "executed_branches": [[1419, 1420], [1419, 1434], [1427, 1428], [1427, 1429], [1429, 1430], [1429, 1432]], "missing_branches": []}, "AnalystAgent._assess_spectral_significance": {"executed_lines": [1438, 1439, 1440, 1441, 1443], "summary": {"covered_lines": 5, "num_statements": 5, "percent_covered": 100.0, "percent_covered_display": "100.00", "missing_lines": 0, "excluded_lines": 0, "num_branches": 4, "num_partial_branches": 0, "covered_branches": 4, "missing_branches": 0}, "missing_lines": [], "excluded_lines": [], "executed_branches": [[1438, 1439], [1438, 1440], [1440, 1441], [1440, 1443]], "missing_branches": []}, "AnalystAgent._generate_insights": {"executed_lines": [1452, 1455, 1456, 1462, 1467, 1468, 1469, 1474, 1475, 1476, 1479, 1480, 1483, 1488, 1493, 1494, 1498], "summary": {"covered_lines": 17, "num_statements": 17, "percent_covered": 96.0, "percent_covered_display": "96.00", "missing_lines": 0, "excluded_lines": 0, "num_branches": 8, "num_partial_branches": 1, "covered_branches": 7, "missing_branches": 1}, "missing_lines": [], "excluded_lines": [], "executed_branches": [[1467, 1468], [1467, 1479], [1474, 1475], [1479, 1480], [1479, 1488], [1493, 1494], [1493, 1498]], "missing_branches": [[1474, 1479]]}, "AnalystAgent._generate_analysis_summary": {"executed_lines": [1508, 1514, 1515, 1518, 1519, 1522, 1526], "summary": {"covered_lines": 7, "num_statements": 7, "percent_covered": 100.0, "percent_covered_display": "100.00", "missing_lines": 0, "excluded_lines": 0, "num_branches": 0, "num_partial_branches": 0, "covered_branches": 0, "missing_branches": 0}, "missing_lines": [], "excluded_lines": [], "executed_branches": [], "missing_branches": []}, "AnalystAgent._pattern_to_dict": {"executed_lines": [1541], "summary": {"covered_lines": 1, "num_statements": 1, "percent_covered": 100.0, "percent_covered_display": "100.00", "missing_lines": 0, "excluded_lines": 0, "num_branches": 0, "num_partial_branches": 0, "covered_branches": 0, "missing_branches": 0}, "missing_lines": [], "excluded_lines": [], "executed_branches": [], "missing_branches": []}, "AnalystAgent._correlation_to_dict": {"executed_lines": [1556], "summary": {"covered_lines": 1, "num_statements": 1, "percent_covered": 100.0, "percent_covered_display": "100.00", "missing_lines": 0, "excluded_lines": 0, "num_branches": 0, "num_partial_branches": 0, "covered_branches": 0, "missing_branches": 0}, "missing_lines": [], "excluded_lines": [], "executed_branches": [], "missing_branches": []}, "": {"executed_lines": [1, 10, 11, 12, 13, 15, 16, 17, 18, 20, 21, 22, 23, 24, 27, 28, 29, 31, 32, 33, 34, 35, 36, 37, 38, 39, 40, 43, 44, 45, 47, 48, 49, 50, 51, 52, 53, 54, 55, 58, 59, 61, 62, 65, 68, 71, 74, 77, 82, 83, 97, 154, 158, 162, 280, 391, 443, 483, 559, 644, 722, 796, 887, 963, 1076, 1225, 1358, 1414, 1436, 1445, 1500, 1539, 1554], "summary": {"covered_lines": 68, "num_statements": 68, "percent_covered": 100.0, "percent_covered_display": "100.00", "missing_lines": 0, "excluded_lines": 0, "num_branches": 0, "num_partial_branches": 0, "covered_branches": 0, "missing_branches": 0}, "missing_lines": [], "excluded_lines": [], "executed_branches": [], "missing_branches": []}}, "classes": {"PatternResult": {"executed_lines": [], "summary": {"covered_lines": 0, "num_statements": 0, "percent_covered": 100.0, "percent_covered_display": "100.00", "missing_lines": 0, "excluded_lines": 0, "num_branches": 0, "num_partial_branches": 0, "covered_branches": 0, "missing_branches": 0}, "missing_lines": [], "excluded_lines": [], "executed_branches": [], "missing_branches": []}, "CorrelationResult": {"executed_lines": [], "summary": {"covered_lines": 0, "num_statements": 0, "percent_covered": 100.0, "percent_covered_display": "100.00", "missing_lines": 0, "excluded_lines": 0, "num_branches": 0, "num_partial_branches": 0, "covered_branches": 0, "missing_branches": 0}, "missing_lines": [], "excluded_lines": [], "executed_branches": [], "missing_branches": []}, "AnalysisRequest": {"executed_lines": [], "summary": {"covered_lines": 0, "num_statements": 0, "percent_covered": 100.0, "percent_covered_display": "100.00", "missing_lines": 0, "excluded_lines": 0, "num_branches": 0, "num_partial_branches": 0, "covered_branches": 0, "missing_branches": 0}, "missing_lines": [], "excluded_lines": [], "executed_branches": [], "missing_branches": []}, "AnalystAgent": {"executed_lines": [111, 127, 128, 129, 132, 135, 147, 156, 160, 175, 176, 184, 187, 188, 190, 192, 198, 200, 201, 215, 218, 223, 226, 245, 253, 260, 261, 268, 296, 297, 300, 302, 309, 316, 319, 321, 327, 328, 330, 331, 332, 337, 338, 345, 348, 350, 351, 352, 353, 356, 359, 372, 373, 380, 381, 387, 389, 408, 411, 412, 416, 417, 418, 419, 420, 421, 423, 430, 431, 439, 441, 460, 462, 465, 466, 468, 481, 487, 490, 491, 493, 494, 495, 497, 498, 499, 501, 502, 505, 506, 509, 510, 512, 513, 514, 517, 518, 519, 521, 555, 557, 563, 566, 568, 569, 570, 572, 573, 574, 575, 577, 578, 581, 582, 583, 584, 585, 593, 594, 595, 597, 598, 599, 601, 642, 648, 651, 660, 661, 662, 663, 664, 665, 667, 668, 669, 670, 671, 672, 673, 676, 677, 678, 681, 682, 684, 718, 720, 726, 729, 731, 732, 733, 735, 736, 737, 739, 740, 743, 744, 745, 748, 749, 750, 754, 755, 757, 758, 760, 792, 794, 800, 803, 804, 805, 806, 807, 809, 810, 813, 816, 819, 826, 827, 829, 830, 831, 832, 833, 835, 836, 839, 840, 841, 846, 847, 849, 883, 885, 891, 895, 899, 900, 901, 902, 904, 905, 906, 909, 910, 911, 913, 914, 915, 916, 917, 919, 921, 923, 924, 928, 934, 959, 961, 967, 970, 979, 980, 981, 982, 983, 985, 986, 987, 988, 989, 990, 991, 994, 995, 996, 997, 1000, 1001, 1006, 1008, 1017, 1018, 1019, 1020, 1022, 1023, 1024, 1026, 1027, 1030, 1032, 1072, 1074, 1093, 1095, 1097, 1098, 1099, 1100, 1102, 1103, 1104, 1107, 1108, 1112, 1113, 1118, 1123, 1128, 1131, 1132, 1172, 1175, 1178, 1212, 1214, 1223, 1362, 1364, 1366, 1372, 1375, 1377, 1378, 1379, 1384, 1387, 1390, 1391, 1403, 1406, 1407, 1408, 1410, 1419, 1420, 1423, 1427, 1428, 1429, 1430, 1432, 1434, 1438, 1439, 1440, 1441, 1443, 1452, 1455, 1456, 1462, 1467, 1468, 1469, 1474, 1475, 1476, 1479, 1480, 1483, 1488, 1493, 1494, 1498, 1508, 1514, 1515, 1518, 1519, 1522, 1526, 1541, 1556], "summary": {"covered_lines": 340, "num_statements": 395, "percent_covered": 83.76511226252158, "percent_covered_display": "83.77", "missing_lines": 55, "excluded_lines": 0, "num_branches": 184, "num_partial_branches": 21, "covered_branches": 145, "missing_branches": 39}, "missing_lines": [189, 339, 341, 342, 354, 474, 475, 602, 605, 607, 640, 1109, 1220, 1221, 1242, 1244, 1246, 1247, 1248, 1249, 1252, 1258, 1259, 1261, 1264, 1265, 1266, 1268, 1269, 1271, 1272, 1275, 1276, 1277, 1280, 1281, 1283, 1284, 1285, 1286, 1288, 1291, 1297, 1301, 1339, 1341, 1342, 1345, 1347, 1353, 1354, 1356, 1373, 1399, 1400], "excluded_lines": [], "executed_branches": [[184, 187], [184, 192], [188, 190], [200, 201], [200, 215], [319, 321], [319, 356], [327, 328], [327, 345], [331, 332], [348, 319], [348, 350], [351, 352], [353, 319], [372, 373], [372, 389], [416, 417], [416, 439], [417, 418], [462, 465], [462, 481], [493, 494], [493, 501], [497, 493], [497, 498], [501, 502], [501, 505], [512, 513], [512, 557], [517, 518], [568, 569], [568, 577], [572, 568], [572, 573], [577, 578], [577, 581], [582, 583], [582, 593], [583, 584], [597, 598], [597, 642], [598, 597], [598, 599], [601, 597], [660, 661], [660, 676], [667, 660], [667, 668], [670, 671], [672, 673], [676, 677], [676, 720], [681, 676], [681, 682], [731, 732], [731, 739], [735, 731], [735, 736], [739, 740], [739, 743], [748, 749], [748, 794], [754, 755], [757, 758], [757, 794], [804, 805], [804, 809], [806, 804], [806, 807], [809, 810], [809, 813], [829, 830], [829, 835], [839, 840], [839, 885], [846, 839], [846, 847], [899, 900], [899, 909], [904, 899], [904, 905], [909, 910], [909, 961], [913, 914], [913, 919], [914, 913], [914, 915], [915, 916], [919, 921], [923, 924], [923, 961], [979, 980], [979, 994], [985, 979], [985, 986], [988, 989], [988, 990], [990, 991], [995, 996], [995, 1017], [996, 997], [1017, 1018], [1017, 1074], [1022, 1023], [1022, 1074], [1023, 1022], [1023, 1024], [1026, 1022], [1026, 1027], [1098, 1099], [1098, 1102], [1102, 1103], [1102, 1214], [1103, 1104], [1103, 1107], [1108, 1112], [1128, 1131], [1128, 1175], [1131, 1132], [1175, 1102], [1175, 1178], [1364, 1366], [1364, 1403], [1372, 1375], [1378, 1379], [1390, 1391], [1407, 1408], [1407, 1410], [1419, 1420], [1419, 1434], [1427, 1428], [1427, 1429], [1429, 1430], [1429, 1432], [1438, 1439], [1438, 1440], [1440, 1441], [1440, 1443], [1467, 1468], [1467, 1479], [1474, 1475], [1479, 1480], [1479, 1488], [1493, 1494], [1493, 1498]], "missing_branches": [[188, 189], [331, 345], [351, 319], [353, 354], [417, 416], [517, 557], [583, 582], [601, 602], [670, 672], [672, 660], [754, 794], [915, 914], [919, 961], [990, 979], [996, 995], [1108, 1109], [1131, 1128], [1247, 1248], [1247, 1252], [1258, 1259], [1258, 1261], [1264, 1265], [1264, 1347], [1265, 1264], [1265, 1266], [1271, 1272], [1271, 1275], [1276, 1277], [1276, 1280], [1283, 1284], [1283, 1285], [1285, 1286], [1285, 1288], [1297, 1265], [1297, 1301], [1372, 1373], [1378, 1364], [1390, 1364], [1474, 1479]]}, "": {"executed_lines": [1, 10, 11, 12, 13, 15, 16, 17, 18, 20, 21, 22, 23, 24, 27, 28, 29, 31, 32, 33, 34, 35, 36, 37, 38, 39, 40, 43, 44, 45, 47, 48, 49, 50, 51, 52, 53, 54, 55, 58, 59, 61, 62, 65, 68, 71, 74, 77, 82, 83, 97, 154, 158, 162, 280, 391, 443, 483, 559, 644, 722, 796, 887, 963, 1076, 1225, 1358, 1414, 1436, 1445, 1500, 1539, 1554], "summary": {"covered_lines": 68, "num_statements": 68, "percent_covered": 100.0, "percent_covered_display": "100.00", "missing_lines": 0, "excluded_lines": 0, "num_branches": 0, "num_partial_branches": 0, "covered_branches": 0, "missing_branches": 0}, "missing_lines": [], "excluded_lines": [], "executed_branches": [], "missing_branches": []}}}, "src/agents/ayrton_senna.py": {"executed_lines": [1, 10, 11, 13, 14, 16, 17, 19, 22, 23, 25, 26, 27, 30, 31, 32, 33, 36, 41, 42, 44, 45, 46, 47, 48, 51, 56, 57, 67, 83, 96, 97, 98, 99, 100, 102, 104, 110, 112, 115, 116, 118, 121, 122, 124, 126, 128, 129, 131, 134, 136, 151, 152, 154, 160, 161, 162, 163, 164, 165, 166, 167, 169, 172, 177, 184, 185, 192, 199, 211, 212, 218, 225, 227, 229, 236, 253, 260, 262, 263, 269, 272, 274, 278, 283, 303, 309, 310, 311, 313, 314, 316, 322, 324, 325, 328, 329, 330, 331, 333, 334, 337, 338, 339, 340, 342, 343, 346, 348, 349, 357, 359, 365, 366, 368, 374, 375, 385, 391, 394, 402, 403, 405, 406, 407, 408, 416, 418, 426, 432, 435, 447, 448, 449, 452, 454, 460, 462, 465, 466, 467, 469, 472, 473, 474, 476, 477, 478, 480, 481, 482, 484, 485, 495, 497, 499, 505, 507, 508, 510, 517, 518, 519, 522, 523, 527, 529, 531, 579, 580, 583, 585, 587, 588, 589, 591, 597, 614, 620, 621, 624, 625, 627, 628, 629, 631], "summary": {"covered_lines": 182, "num_statements": 196, "percent_covered": 90.53030303030303, "percent_covered_display": "90.53", "missing_lines": 14, "excluded_lines": 0, "num_branches": 68, "num_partial_branches": 11, "covered_branches": 57, "missing_branches": 11}, "missing_lines": [119, 132, 168, 170, 286, 295, 301, 377, 378, 383, 450, 639, 640, 646], "excluded_lines": [], "executed_branches": [[115, 116], [118, 121], [128, 129], [131, 134], [161, 162], [161, 163], [163, 164], [163, 165], [165, 166], [165, 167], [167, 169], [169, 172], [262, 263], [262, 272], [274, 278], [310, 311], [310, 313], [324, 325], [324, 357], [329, 330], [329, 333], [330, 329], [330, 331], [333, 334], [338, 339], [338, 342], [339, 338], [339, 340], [342, 343], [348, 324], [348, 349], [405, 406], [405, 416], [407, 405], [407, 408], [447, 448], [447, 449], [449, 452], [465, 466], [465, 495], [472, 473], [472, 476], [476, 477], [476, 480], [480, 481], [480, 484], [484, 465], [484, 485], [517, 518], [517, 522], [522, 523], [522, 527], [579, 580], [579, 583], [588, 589], [588, 591], [627, 628]], "missing_branches": [[115, 118], [118, 119], [128, 131], [131, 132], [167, 168], [169, 170], [274, 286], [333, 337], [342, 346], [449, 450], [627, 646]], "functions": {"SemanticRouter.__init__": {"executed_lines": [83, 96, 97, 98, 99, 100, 102, 104], "summary": {"covered_lines": 8, "num_statements": 8, "percent_covered": 100.0, "percent_covered_display": "100.00", "missing_lines": 0, "excluded_lines": 0, "num_branches": 0, "num_partial_branches": 0, "covered_branches": 0, "missing_branches": 0}, "missing_lines": [], "excluded_lines": [], "executed_branches": [], "missing_branches": []}, "SemanticRouter.initialize": {"executed_lines": [112, 115, 116, 118, 121, 122], "summary": {"covered_lines": 6, "num_statements": 7, "percent_covered": 72.72727272727273, "percent_covered_display": "72.73", "missing_lines": 1, "excluded_lines": 0, "num_branches": 4, "num_partial_branches": 2, "covered_branches": 2, "missing_branches": 2}, "missing_lines": [119], "excluded_lines": [], "executed_branches": [[115, 116], [118, 121]], "missing_branches": [[115, 118], [118, 119]]}, "SemanticRouter.shutdown": {"executed_lines": [126, 128, 129, 131, 134], "summary": {"covered_lines": 5, "num_statements": 6, "percent_covered": 70.0, "percent_covered_display": "70.00", "missing_lines": 1, "excluded_lines": 0, "num_branches": 4, "num_partial_branches": 2, "covered_branches": 2, "missing_branches": 2}, "missing_lines": [132], "excluded_lines": [], "executed_branches": [[128, 129], [131, 134]], "missing_branches": [[128, 131], [131, 132]]}, "SemanticRouter.process": {"executed_lines": [151, 152, 154, 160, 161, 162, 163, 164, 165, 166, 167, 169, 172, 177, 184, 185, 192], "summary": {"covered_lines": 17, "num_statements": 19, "percent_covered": 86.20689655172414, "percent_covered_display": "86.21", "missing_lines": 2, "excluded_lines": 0, "num_branches": 10, "num_partial_branches": 2, "covered_branches": 8, "missing_branches": 2}, "missing_lines": [168, 170], "excluded_lines": [], "executed_branches": [[161, 162], [161, 163], [163, 164], [163, 165], [165, 166], [165, 167], [167, 169], [169, 172]], "missing_branches": [[167, 168], [169, 170]]}, "SemanticRouter.register_agent_capabilities": {"executed_lines": [211, 212], "summary": {"covered_lines": 2, "num_statements": 2, "percent_covered": 100.0, "percent_covered_display": "100.00", "missing_lines": 0, "excluded_lines": 0, "num_branches": 0, "num_partial_branches": 0, "covered_branches": 0, "missing_branches": 0}, "missing_lines": [], "excluded_lines": [], "executed_branches": [], "missing_branches": []}, "SemanticRouter.add_routing_rule": {"executed_lines": [225, 227, 229], "summary": {"covered_lines": 3, "num_statements": 3, "percent_covered": 100.0, "percent_covered_display": "100.00", "missing_lines": 0, "excluded_lines": 0, "num_branches": 0, "num_partial_branches": 0, "covered_branches": 0, "missing_branches": 0}, "missing_lines": [], "excluded_lines": [], "executed_branches": [], "missing_branches": []}, "SemanticRouter.route_query": {"executed_lines": [253, 260, 262, 263, 269, 272, 274, 278, 283], "summary": {"covered_lines": 9, "num_statements": 12, "percent_covered": 75.0, "percent_covered_display": "75.00", "missing_lines": 3, "excluded_lines": 0, "num_branches": 4, "num_partial_branches": 1, "covered_branches": 3, "missing_branches": 1}, "missing_lines": [286, 295, 301], "excluded_lines": [], "executed_branches": [[262, 263], [262, 272], [274, 278]], "missing_branches": [[274, 286]]}, "SemanticRouter._route_query": {"executed_lines": [309, 310, 311, 313, 314], "summary": {"covered_lines": 5, "num_statements": 5, "percent_covered": 100.0, "percent_covered_display": "100.00", "missing_lines": 0, "excluded_lines": 0, "num_branches": 2, "num_partial_branches": 0, "covered_branches": 2, "missing_branches": 0}, "missing_lines": [], "excluded_lines": [], "executed_branches": [[310, 311], [310, 313]], "missing_branches": []}, "SemanticRouter._apply_routing_rules": {"executed_lines": [322, 324, 325, 328, 329, 330, 331, 333, 334, 337, 338, 339, 340, 342, 343, 346, 348, 349, 357], "summary": {"covered_lines": 19, "num_statements": 19, "percent_covered": 94.28571428571429, "percent_covered_display": "94.29", "missing_lines": 0, "excluded_lines": 0, "num_branches": 16, "num_partial_branches": 2, "covered_branches": 14, "missing_branches": 2}, "missing_lines": [], "excluded_lines": [], "executed_branches": [[324, 325], [324, 357], [329, 330], [329, 333], [330, 329], [330, 331], [333, 334], [338, 339], [338, 342], [339, 338], [339, 340], [342, 343], [348, 324], [348, 349]], "missing_branches": [[333, 337], [342, 346]]}, "SemanticRouter._semantic_routing": {"executed_lines": [365, 366, 368, 374, 375], "summary": {"covered_lines": 5, "num_statements": 8, "percent_covered": 62.5, "percent_covered_display": "62.50", "missing_lines": 3, "excluded_lines": 0, "num_branches": 0, "num_partial_branches": 0, "covered_branches": 0, "missing_branches": 0}, "missing_lines": [377, 378, 383], "excluded_lines": [], "executed_branches": [], "missing_branches": []}, "SemanticRouter._detect_intent": {"executed_lines": [391, 394, 402, 403, 405, 406, 407, 408, 416, 418], "summary": {"covered_lines": 10, "num_statements": 10, "percent_covered": 100.0, "percent_covered_display": "100.00", "missing_lines": 0, "excluded_lines": 0, "num_branches": 4, "num_partial_branches": 0, "covered_branches": 4, "missing_branches": 0}, "missing_lines": [], "excluded_lines": [], "executed_branches": [[405, 406], [405, 416], [407, 405], [407, 408]], "missing_branches": []}, "SemanticRouter._analyze_query_type": {"executed_lines": [432, 435, 447, 448, 449, 452], "summary": {"covered_lines": 6, "num_statements": 7, "percent_covered": 81.81818181818181, "percent_covered_display": "81.82", "missing_lines": 1, "excluded_lines": 0, "num_branches": 4, "num_partial_branches": 1, "covered_branches": 3, "missing_branches": 1}, "missing_lines": [450], "excluded_lines": [], "executed_branches": [[447, 448], [447, 449], [449, 452]], "missing_branches": [[449, 450]]}, "SemanticRouter._suggest_agents": {"executed_lines": [460, 462, 465, 466, 467, 469, 472, 473, 474, 476, 477, 478, 480, 481, 482, 484, 485, 495, 497], "summary": {"covered_lines": 19, "num_statements": 19, "percent_covered": 100.0, "percent_covered_display": "100.00", "missing_lines": 0, "excluded_lines": 0, "num_branches": 10, "num_partial_branches": 0, "covered_branches": 10, "missing_branches": 0}, "missing_lines": [], "excluded_lines": [], "executed_branches": [[465, 466], [465, 495], [472, 473], [472, 476], [476, 477], [476, 480], [480, 481], [480, 484], [484, 465], [484, 485]], "missing_branches": []}, "SemanticRouter._validate_routing": {"executed_lines": [505, 507, 508, 510, 517, 518, 519, 522, 523, 527], "summary": {"covered_lines": 10, "num_statements": 10, "percent_covered": 100.0, "percent_covered_display": "100.00", "missing_lines": 0, "excluded_lines": 0, "num_branches": 4, "num_partial_branches": 0, "covered_branches": 4, "missing_branches": 0}, "missing_lines": [], "excluded_lines": [], "executed_branches": [[517, 518], [517, 522], [522, 523], [522, 527]], "missing_branches": []}, "SemanticRouter._initialize_default_rules": {"executed_lines": [531, 579, 580, 583], "summary": {"covered_lines": 4, "num_statements": 4, "percent_covered": 100.0, "percent_covered_display": "100.00", "missing_lines": 0, "excluded_lines": 0, "num_branches": 2, "num_partial_branches": 0, "covered_branches": 2, "missing_branches": 0}, "missing_lines": [], "excluded_lines": [], "executed_branches": [[579, 580], [579, 583]], "missing_branches": []}, "SemanticRouter._create_routing_prompt": {"executed_lines": [587, 588, 589, 591, 597], "summary": {"covered_lines": 5, "num_statements": 5, "percent_covered": 100.0, "percent_covered_display": "100.00", "missing_lines": 0, "excluded_lines": 0, "num_branches": 2, "num_partial_branches": 0, "covered_branches": 2, "missing_branches": 0}, "missing_lines": [], "excluded_lines": [], "executed_branches": [[588, 589], [588, 591]], "missing_branches": []}, "SemanticRouter._parse_routing_response": {"executed_lines": [620, 621, 624, 625, 627, 628, 629, 631], "summary": {"covered_lines": 8, "num_statements": 11, "percent_covered": 69.23076923076923, "percent_covered_display": "69.23", "missing_lines": 3, "excluded_lines": 0, "num_branches": 2, "num_partial_branches": 1, "covered_branches": 1, "missing_branches": 1}, "missing_lines": [639, 640, 646], "excluded_lines": [], "executed_branches": [[627, 628]], "missing_branches": [[627, 646]]}, "": {"executed_lines": [1, 10, 11, 13, 14, 16, 17, 19, 22, 23, 25, 26, 27, 30, 31, 32, 33, 36, 41, 42, 44, 45, 46, 47, 48, 51, 56, 57, 67, 110, 124, 136, 199, 218, 236, 303, 316, 359, 385, 426, 454, 499, 529, 585, 614], "summary": {"covered_lines": 41, "num_statements": 41, "percent_covered": 100.0, "percent_covered_display": "100.00", "missing_lines": 0, "excluded_lines": 0, "num_branches": 0, "num_partial_branches": 0, "covered_branches": 0, "missing_branches": 0}, "missing_lines": [], "excluded_lines": [], "executed_branches": [], "missing_branches": []}}, "classes": {"RoutingRule": {"executed_lines": [], "summary": {"covered_lines": 0, "num_statements": 0, "percent_covered": 100.0, "percent_covered_display": "100.00", "missing_lines": 0, "excluded_lines": 0, "num_branches": 0, "num_partial_branches": 0, "covered_branches": 0, "missing_branches": 0}, "missing_lines": [], "excluded_lines": [], "executed_branches": [], "missing_branches": []}, "RoutingDecision": {"executed_lines": [], "summary": {"covered_lines": 0, "num_statements": 0, "percent_covered": 100.0, "percent_covered_display": "100.00", "missing_lines": 0, "excluded_lines": 0, "num_branches": 0, "num_partial_branches": 0, "covered_branches": 0, "missing_branches": 0}, "missing_lines": [], "excluded_lines": [], "executed_branches": [], "missing_branches": []}, "SemanticRouter": {"executed_lines": [83, 96, 97, 98, 99, 100, 102, 104, 112, 115, 116, 118, 121, 122, 126, 128, 129, 131, 134, 151, 152, 154, 160, 161, 162, 163, 164, 165, 166, 167, 169, 172, 177, 184, 185, 192, 211, 212, 225, 227, 229, 253, 260, 262, 263, 269, 272, 274, 278, 283, 309, 310, 311, 313, 314, 322, 324, 325, 328, 329, 330, 331, 333, 334, 337, 338, 339, 340, 342, 343, 346, 348, 349, 357, 365, 366, 368, 374, 375, 391, 394, 402, 403, 405, 406, 407, 408, 416, 418, 432, 435, 447, 448, 449, 452, 460, 462, 465, 466, 467, 469, 472, 473, 474, 476, 477, 478, 480, 481, 482, 484, 485, 495, 497, 505, 507, 508, 510, 517, 518, 519, 522, 523, 527, 531, 579, 580, 583, 587, 588, 589, 591, 597, 620, 621, 624, 625, 627, 628, 629, 631], "summary": {"covered_lines": 141, "num_statements": 155, "percent_covered": 88.78923766816143, "percent_covered_display": "88.79", "missing_lines": 14, "excluded_lines": 0, "num_branches": 68, "num_partial_branches": 11, "covered_branches": 57, "missing_branches": 11}, "missing_lines": [119, 132, 168, 170, 286, 295, 301, 377, 378, 383, 450, 639, 640, 646], "excluded_lines": [], "executed_branches": [[115, 116], [118, 121], [128, 129], [131, 134], [161, 162], [161, 163], [163, 164], [163, 165], [165, 166], [165, 167], [167, 169], [169, 172], [262, 263], [262, 272], [274, 278], [310, 311], [310, 313], [324, 325], [324, 357], [329, 330], [329, 333], [330, 329], [330, 331], [333, 334], [338, 339], [338, 342], [339, 338], [339, 340], [342, 343], [348, 324], [348, 349], [405, 406], [405, 416], [407, 405], [407, 408], [447, 448], [447, 449], [449, 452], [465, 466], [465, 495], [472, 473], [472, 476], [476, 477], [476, 480], [480, 481], [480, 484], [484, 465], [484, 485], [517, 518], [517, 522], [522, 523], [522, 527], [579, 580], [579, 583], [588, 589], [588, 591], [627, 628]], "missing_branches": [[115, 118], [118, 119], [128, 131], [131, 132], [167, 168], [169, 170], [274, 286], [333, 337], [342, 346], [449, 450], [627, 646]]}, "": {"executed_lines": [1, 10, 11, 13, 14, 16, 17, 19, 22, 23, 25, 26, 27, 30, 31, 32, 33, 36, 41, 42, 44, 45, 46, 47, 48, 51, 56, 57, 67, 110, 124, 136, 199, 218, 236, 303, 316, 359, 385, 426, 454, 499, 529, 585, 614], "summary": {"covered_lines": 41, "num_statements": 41, "percent_covered": 100.0, "percent_covered_display": "100.00", "missing_lines": 0, "excluded_lines": 0, "num_branches": 0, "num_partial_branches": 0, "covered_branches": 0, "missing_branches": 0}, "missing_lines": [], "excluded_lines": [], "executed_branches": [], "missing_branches": []}}}, "src/agents/bonifacio.py": {"executed_lines": [1, 9, 10, 11, 12, 13, 14, 16, 17, 19, 20, 23, 24, 26, 27, 28, 29, 30, 33, 34, 36, 37, 38, 39, 40, 43, 44, 45, 47, 48, 49, 50, 51, 52, 53, 54, 55, 58, 59, 60, 62, 63, 64, 65, 66, 67, 68, 69, 70, 71, 72, 73, 74, 75, 76, 79, 80, 82, 83, 86, 89, 92, 95, 98, 101, 106, 107, 116, 117, 137, 140, 148, 165, 204, 219, 220, 227, 228, 230, 233, 236, 241, 245, 288, 298, 305, 306, 313, 321, 326, 333, 338, 339, 340, 342, 343, 346, 349, 352, 355, 360, 365, 370, 373, 377, 395, 401, 402, 403, 406, 407, 410, 419, 421, 422, 424, 426, 428, 431, 435, 442, 446, 447, 450, 459, 465, 466, 468, 470, 476, 481, 484, 493, 494, 495, 503, 516, 521, 524, 525, 530, 564, 573, 575, 579, 583, 584, 587, 590, 591, 592, 595, 598, 603, 604, 609, 610, 615, 616, 621, 623, 626, 632, 634, 652, 654, 663, 664, 665, 666, 667, 669, 672, 673, 675, 677, 680, 685, 687, 689, 696, 705, 708, 709, 710, 713, 715, 723, 724, 726, 728, 730, 738, 741, 742, 743, 744, 746, 749, 752, 754, 755, 756, 760, 761, 769, 772, 773, 774, 775, 777, 779, 780, 784, 787, 790, 791, 792, 794, 795, 797, 799, 800, 802, 804, 809, 811, 812, 813, 814, 815, 816, 817, 818, 820, 822, 830, 833, 834, 846, 847, 859, 862, 875, 876, 887, 889, 895, 931, 933, 942, 943, 945, 960, 963, 964, 965, 966, 968, 971, 972, 973, 975, 978, 979, 980, 985, 986, 987, 988, 993, 1000, 1003, 1064, 1066, 1068, 1106, 1108, 1111, 1112, 1113, 1117, 1121, 1131, 1134, 1137, 1141, 1147, 1149, 1238, 1240, 1242, 1243, 1244, 1245, 1247, 1250, 1257, 1258, 1265, 1270, 1273, 1274, 1275, 1276, 1278, 1280, 1289, 1291, 1425, 1427, 1429, 1437, 1439, 1443, 1444, 1445, 1446, 1448, 1458, 1460, 1462, 1463, 1465, 1466, 1470, 1473, 1474, 1476, 1477, 1479, 1481, 1483, 1485, 1514, 1516, 1518, 1520, 1521, 1525, 1526, 1530, 1531, 1535, 1536, 1540, 1546, 1549, 1552, 1554, 1555, 1556, 1558, 1569, 1571, 1574, 1576, 1577, 1583, 1676, 1681, 1690, 1692, 1693, 1694, 1695, 1696, 1697, 1698, 1699, 1701, 1703, 1707, 1709, 1710, 1713, 1715, 1717, 1733, 1746, 1748, 1749, 1750, 1752, 1753, 1754, 1756, 1757, 1761, 1787, 1808, 1829, 1857, 1887, 1896, 1910, 1929, 1939, 1942, 1947, 1948, 1953, 1956, 1960, 1967, 1977, 1980, 1981, 1983, 1985, 2002, 2005, 2006, 2009, 2010, 2011, 2014, 2017, 2018, 2021, 2022, 2025, 2026, 2029, 2030, 2033, 2034, 2039, 2042, 2049, 2051, 2052, 2071, 2072, 2082, 2083, 2093, 2094, 2114, 2115, 2116, 2117, 2120, 2121, 2125, 2131], "summary": {"covered_lines": 439, "num_statements": 522, "percent_covered": 80.72463768115942, "percent_covered_display": "80.72", "missing_lines": 83, "excluded_lines": 0, "num_branches": 168, "num_partial_branches": 12, "covered_branches": 118, "missing_branches": 50}, "missing_lines": [593, 793, 863, 990, 1578, 1579, 1581, 1592, 1593, 1596, 1674, 1723, 1726, 1728, 1729, 1731, 1737, 1741, 1742, 1744, 1751, 1755, 1759, 1766, 1775, 1776, 1777, 1780, 1789, 1790, 1791, 1793, 1797, 1798, 1799, 1800, 1801, 1802, 1803, 1804, 1806, 1812, 1814, 1815, 1817, 1818, 1820, 1821, 1823, 1833, 1835, 1836, 1840, 1841, 1843, 1846, 1847, 1851, 1859, 1862, 1866, 1868, 1869, 1870, 1872, 1876, 1877, 1881, 1889, 1890, 1891, 1892, 1894, 1898, 1901, 1903, 1904, 1905, 1906, 1908, 1914, 1915, 1918], "excluded_lines": [], "executed_branches": [[227, 228], [227, 230], [338, 339], [338, 342], [401, 402], [401, 406], [575, 579], [575, 652], [590, 591], [590, 592], [592, 595], [598, 603], [598, 604], [604, 609], [604, 610], [610, 615], [610, 616], [616, 621], [616, 623], [664, 665], [664, 669], [665, 666], [709, 710], [709, 723], [723, 724], [723, 726], [741, 742], [741, 743], [743, 744], [743, 746], [754, 755], [772, 773], [772, 774], [774, 775], [774, 777], [790, 791], [790, 792], [792, 794], [794, 795], [794, 797], [811, 812], [811, 813], [813, 814], [813, 815], [815, 816], [815, 817], [817, 818], [817, 820], [833, 834], [833, 846], [846, 847], [846, 859], [862, 875], [875, 876], [875, 887], [960, 963], [960, 968], [968, 971], [968, 975], [975, 978], [975, 985], [985, 986], [1273, 1274], [1273, 1275], [1275, 1276], [1275, 1278], [1462, 1463], [1462, 1465], [1465, 1466], [1465, 1470], [1473, 1474], [1473, 1476], [1476, 1477], [1476, 1479], [1520, 1521], [1520, 1525], [1525, 1526], [1525, 1530], [1530, 1531], [1530, 1535], [1535, 1536], [1535, 1540], [1576, 1577], [1692, 1693], [1692, 1694], [1694, 1695], [1694, 1696], [1696, 1697], [1696, 1698], [1698, 1699], [1698, 1701], [1709, 1710], [1709, 1715], [1748, 1749], [1748, 1750], [1750, 1752], [1752, 1753], [1752, 1754], [1754, 1756], [1756, 1757], [2017, 2018], [2017, 2021], [2021, 2022], [2021, 2025], [2025, 2026], [2025, 2029], [2029, 2030], [2029, 2033], [2033, 2034], [2033, 2042], [2051, 2052], [2051, 2071], [2071, 2072], [2071, 2082], [2082, 2083], [2082, 2093], [2093, 2094], [2120, 2121]], "missing_branches": [[592, 593], [665, 664], [754, 760], [792, 793], [862, 863], [985, 990], [1576, 1578], [1578, 1579], [1578, 1581], [1728, 1729], [1728, 1731], [1741, 1742], [1741, 1744], [1750, 1751], [1754, 1755], [1756, 1759], [1797, 1798], [1797, 1799], [1799, 1800], [1799, 1801], [1801, 1802], [1801, 1803], [1803, 1804], [1803, 1806], [1814, 1815], [1814, 1817], [1817, 1818], [1817, 1820], [1820, 1821], [1820, 1823], [1835, 1836], [1835, 1840], [1840, 1841], [1840, 1843], [1846, 1847], [1846, 1851], [1868, 1869], [1868, 1876], [1876, 1877], [1876, 1881], [1889, 1890], [1889, 1891], [1891, 1892], [1891, 1894], [1903, 1904], [1903, 1905], [1905, 1906], [1905, 1908], [2093, 2114], [2120, 2125]], "functions": {"BonifacioAgent.__init__": {"executed_lines": [117, 137, 140, 148, 165], "summary": {"covered_lines": 5, "num_statements": 5, "percent_covered": 100.0, "percent_covered_display": "100.00", "missing_lines": 0, "excluded_lines": 0, "num_branches": 0, "num_partial_branches": 0, "covered_branches": 0, "missing_branches": 0}, "missing_lines": [], "excluded_lines": [], "executed_branches": [], "missing_branches": []}, "BonifacioAgent.process": {"executed_lines": [219, 220, 227, 228, 230, 233, 236, 241, 245, 288, 298, 305, 306, 313], "summary": {"covered_lines": 14, "num_statements": 14, "percent_covered": 100.0, "percent_covered_display": "100.00", "missing_lines": 0, "excluded_lines": 0, "num_branches": 2, "num_partial_branches": 0, "covered_branches": 2, "missing_branches": 0}, "missing_lines": [], "excluded_lines": [], "executed_branches": [[227, 228], [227, 230]], "missing_branches": []}, "BonifacioAgent._evaluate_policy": {"executed_lines": [326, 333, 338, 339, 340, 342, 343, 346, 349, 352, 355, 360, 365, 370, 373, 377], "summary": {"covered_lines": 16, "num_statements": 16, "percent_covered": 100.0, "percent_covered_display": "100.00", "missing_lines": 0, "excluded_lines": 0, "num_branches": 2, "num_partial_branches": 0, "covered_branches": 2, "missing_branches": 0}, "missing_lines": [], "excluded_lines": [], "executed_branches": [[338, 339], [338, 342]], "missing_branches": []}, "BonifacioAgent._analyze_investment_data": {"executed_lines": [401, 402, 403, 406, 407, 410, 419, 421, 422, 424, 426, 428, 431, 435], "summary": {"covered_lines": 14, "num_statements": 14, "percent_covered": 100.0, "percent_covered_display": "100.00", "missing_lines": 0, "excluded_lines": 0, "num_branches": 2, "num_partial_branches": 0, "covered_branches": 2, "missing_branches": 0}, "missing_lines": [], "excluded_lines": [], "executed_branches": [[401, 402], [401, 406]], "missing_branches": []}, "BonifacioAgent._estimate_beneficiaries_count": {"executed_lines": [446, 447, 450, 459, 465, 466, 468], "summary": {"covered_lines": 7, "num_statements": 7, "percent_covered": 100.0, "percent_covered_display": "100.00", "missing_lines": 0, "excluded_lines": 0, "num_branches": 0, "num_partial_branches": 0, "covered_branches": 0, "missing_branches": 0}, "missing_lines": [], "excluded_lines": [], "executed_branches": [], "missing_branches": []}, "BonifacioAgent._analyze_beneficiaries": {"executed_lines": [476, 481, 484, 493, 494, 495, 503], "summary": {"covered_lines": 7, "num_statements": 7, "percent_covered": 100.0, "percent_covered_display": "100.00", "missing_lines": 0, "excluded_lines": 0, "num_branches": 0, "num_partial_branches": 0, "covered_branches": 0, "missing_branches": 0}, "missing_lines": [], "excluded_lines": [], "executed_branches": [], "missing_branches": []}, "BonifacioAgent._evaluate_policy_indicators": {"executed_lines": [521, 524, 525, 530, 564, 573, 575, 579, 583, 584, 587, 590, 591, 592, 595, 598, 603, 604, 609, 610, 615, 616, 621, 623, 626, 632, 634, 652], "summary": {"covered_lines": 28, "num_statements": 29, "percent_covered": 95.34883720930233, "percent_covered_display": "95.35", "missing_lines": 1, "excluded_lines": 0, "num_branches": 14, "num_partial_branches": 1, "covered_branches": 13, "missing_branches": 1}, "missing_lines": [593], "excluded_lines": [], "executed_branches": [[575, 579], [575, 652], [590, 591], [590, 592], [592, 595], [598, 603], [598, 604], [604, 609], [604, 610], [610, 615], [610, 616], [616, 621], [616, 623]], "missing_branches": [[592, 593]]}, "BonifacioAgent._calculate_effectiveness_scores": {"executed_lines": [663, 664, 665, 666, 667, 669, 672, 673, 675, 677, 680, 685, 687, 689], "summary": {"covered_lines": 14, "num_statements": 14, "percent_covered": 94.44444444444444, "percent_covered_display": "94.44", "missing_lines": 0, "excluded_lines": 0, "num_branches": 4, "num_partial_branches": 1, "covered_branches": 3, "missing_branches": 1}, "missing_lines": [], "excluded_lines": [], "executed_branches": [[664, 665], [664, 669], [665, 666]], "missing_branches": [[665, 664]]}, "Bonifaci
[...]
"num_statements": 1, "percent_covered": 100.0, "percent_covered_display": "100.00", "missing_lines": 0, "excluded_lines": 0, "num_branches": 0, "num_partial_branches": 0, "covered_branches": 0, "missing_branches": 0}, "missing_lines": [], "excluded_lines": [], "executed_branches": [], "missing_branches": []}, "InvestigatorAgent.process": {"executed_lines": [175, 177, 178, 186, 187, 190, 199, 205, 208, 212, 226, 227, 232, 237, 238, 249, 252, 267, 268, 275, 283, 291, 298, 300, 306, 313], "summary": {"covered_lines": 26, "num_statements": 27, "percent_covered": 91.42857142857143, "percent_covered_display": "91.43", "missing_lines": 1, "excluded_lines": 0, "num_branches": 8, "num_partial_branches": 2, "covered_branches": 6, "missing_branches": 2}, "missing_lines": [213], "excluded_lines": [], "executed_branches": [[186, 187], [186, 199], [212, 226], [226, 227], [237, 238], [237, 249]], "missing_branches": [[212, 213], [226, 232]]}, "InvestigatorAgent.generate_summary": {"executed_lines": [338, 339, 342, 343, 344, 347, 348, 349, 352, 361, 362, 365, 366, 367, 368, 369, 370, 376], "summary": {"covered_lines": 18, "num_statements": 18, "percent_covered": 93.33333333333333, "percent_covered_display": "93.33", "missing_lines": 0, "excluded_lines": 0, "num_branches": 12, "num_partial_branches": 2, "covered_branches": 10, "missing_branches": 2}, "missing_lines": [], "excluded_lines": [], "executed_branches": [[338, 339], [338, 342], [348, 349], [348, 352], [361, 362], [361, 365], [365, 366], [368, 369], [368, 376], [369, 370]], "missing_branches": [[365, 376], [369, 368]]}, "InvestigatorAgent._fetch_investigation_data": {"executed_lines": [394, 397, 398, 399, 401, 402, 403, 404, 406, 413, 422, 425, 436, 443, 444, 445, 450, 451, 457, 464, 474, 476, 478, 484, 488], "summary": {"covered_lines": 25, "num_statements": 26, "percent_covered": 94.11764705882354, "percent_covered_display": "94.12", "missing_lines": 1, "excluded_lines": 0, "num_branches": 8, "num_partial_branches": 1, "covered_branches": 7, "missing_branches": 1}, "missing_lines": [426], "excluded_lines": [], "executed_branches": [[398, 399], [398, 406], [425, 436], [443, 444], [443, 450], [450, 451], [450, 464]], "missing_branches": [[425, 426]]}, "InvestigatorAgent._enrich_with_open_data": {"executed_lines": [504, 505, 506, 507, 508, 511, 512, 513, 515, 528, 529, 537, 538, 539, 543, 544, 546], "summary": {"covered_lines": 17, "num_statements": 22, "percent_covered": 73.52941176470588, "percent_covered_display": "73.53", "missing_lines": 5, "excluded_lines": 0, "num_branches": 12, "num_partial_branches": 2, "covered_branches": 8, "missing_branches": 4}, "missing_lines": [519, 520, 522, 540, 541], "excluded_lines": [], "executed_branches": [[505, 506], [505, 511], [507, 508], [512, 513], [512, 537], [537, 538], [537, 546], [539, 543]], "missing_branches": [[507, 505], [519, 512], [519, 520], [539, 540]]}, "InvestigatorAgent._run_anomaly_detection": {"executed_lines": [565, 568, 570, 571, 572, 573, 574, 575, 577, 593, 595], "summary": {"covered_lines": 11, "num_statements": 13, "percent_covered": 82.3529411764706, "percent_covered_display": "82.35", "missing_lines": 2, "excluded_lines": 0, "num_branches": 4, "num_partial_branches": 1, "covered_branches": 3, "missing_branches": 1}, "missing_lines": [584, 585], "excluded_lines": [], "executed_branches": [[570, 571], [570, 593], [571, 572]], "missing_branches": [[571, 570]]}, "InvestigatorAgent._detect_price_anomalies": {"executed_lines": [610, 613, 614, 616, 617, 618, 619, 620, 622, 623, 626, 627, 628, 631, 633, 636, 637, 638, 640, 676, 678], "summary": {"covered_lines": 21, "num_statements": 21, "percent_covered": 100.0, "percent_covered_display": "100.00", "missing_lines": 0, "excluded_lines": 0, "num_branches": 10, "num_partial_branches": 0, "covered_branches": 10, "missing_branches": 0}, "missing_lines": [], "excluded_lines": [], "executed_branches": [[616, 617], [616, 622], [618, 616], [618, 619], [622, 623], [622, 626], [633, 636], [633, 678], [636, 633], [636, 637]], "missing_branches": []}, "InvestigatorAgent._detect_vendor_concentration": {"executed_lines": [693, 696, 697, 699, 700, 701, 702, 703, 705, 706, 707, 708, 710, 711, 719, 720, 721, 723, 724, 727, 728, 730, 731, 732, 734, 770, 772], "summary": {"covered_lines": 27, "num_statements": 27, "percent_covered": 97.43589743589743, "percent_covered_display": "97.44", "missing_lines": 0, "excluded_lines": 0, "num_branches": 12, "num_partial_branches": 1, "covered_branches": 11, "missing_branches": 1}, "missing_lines": [], "excluded_lines": [], "executed_branches": [[699, 700], [699, 723], [706, 707], [710, 711], [710, 719], [723, 724], [723, 727], [727, 728], [727, 772], [730, 727], [730, 731]], "missing_branches": [[706, 699]]}, "InvestigatorAgent._detect_temporal_anomalies": {"executed_lines": [787, 790, 792, 794, 800, 801, 803, 804, 805, 806, 807, 809, 811, 812, 818, 823, 824, 826, 827, 832, 833, 836, 837, 838, 841, 842, 843, 845, 846, 847, 849, 883, 885], "summary": {"covered_lines": 33, "num_statements": 35, "percent_covered": 94.33962264150944, "percent_covered_display": "94.34", "missing_lines": 2, "excluded_lines": 0, "num_branches": 18, "num_partial_branches": 1, "covered_branches": 17, "missing_branches": 1}, "missing_lines": [829, 830], "excluded_lines": [], "executed_branches": [[792, 794], [792, 832], [800, 792], [800, 801], [804, 792], [804, 805], [811, 812], [811, 818], [823, 824], [832, 833], [832, 836], [841, 842], [841, 885], [842, 841], [842, 843], [845, 841], [845, 846]], "missing_branches": [[823, 826]]}, "InvestigatorAgent._detect_duplicate_contracts": {"executed_lines": [900, 903, 904, 905, 906, 908, 909, 910, 914, 915, 917, 920, 921, 922, 924, 925, 926, 928, 933, 939, 984, 986], "summary": {"covered_lines": 22, "num_statements": 24, "percent_covered": 88.88888888888889, "percent_covered_display": "88.89", "missing_lines": 2, "excluded_lines": 0, "num_branches": 12, "num_partial_branches": 2, "covered_branches": 10, "missing_branches": 2}, "missing_lines": [911, 918], "excluded_lines": [], "executed_branches": [[903, 904], [903, 986], [905, 906], [905, 908], [908, 903], [908, 909], [910, 914], [917, 920], [924, 908], [924, 925]], "missing_branches": [[910, 911], [917, 918]]}, "InvestigatorAgent._detect_payment_anomalies": {"executed_lines": [1001, 1004, 1005, 1006, 1008, 1009, 1010, 1011, 1014, 1015, 1017, 1018, 1019, 1021, 1056, 1058, 1059, 1061], "summary": {"covered_lines": 18, "num_statements": 18, "percent_covered": 96.15384615384616, "percent_covered_display": "96.15", "missing_lines": 0, "excluded_lines": 0, "num_branches": 8, "num_partial_branches": 1, "covered_branches": 7, "missing_branches": 1}, "missing_lines": [], "excluded_lines": [], "executed_branches": [[1004, 1005], [1004, 1061], [1008, 1004], [1008, 1009], [1014, 1015], [1017, 1004], [1017, 1018]], "missing_branches": [[1014, 1004]]}, "InvestigatorAgent._detect_spectral_anomalies": {"executed_lines": [1076, 1078, 1080, 1082, 1083, 1087, 1090, 1091, 1094, 1107, 1108, 1128, 1131, 1142, 1143, 1144, 1176, 1178, 1189], "summary": {"covered_lines": 19, "num_statements": 21, "percent_covered": 89.65517241379311, "percent_covered_display": "89.66", "missing_lines": 2, "excluded_lines": 0, "num_branches": 8, "num_partial_branches": 1, "covered_branches": 7, "missing_branches": 1}, "missing_lines": [1185, 1186], "excluded_lines": [], "executed_branches": [[1082, 1083], [1082, 1090], [1107, 1108], [1107, 1131], [1142, 1143], [1142, 1178], [1143, 1144]], "missing_branches": [[1143, 1142]]}, "InvestigatorAgent._prepare_time_series": {"executed_lines": [1195, 1197, 1199, 1205, 1208, 1210, 1211, 1212, 1217, 1220, 1223, 1224, 1239, 1242, 1243, 1244, 1245, 1246, 1252, 1253, 1254, 1257, 1258, 1259, 1260, 1269], "summary": {"covered_lines": 26, "num_statements": 29, "percent_covered": 86.04651162790698, "percent_covered_display": "86.05", "missing_lines": 3, "excluded_lines": 0, "num_branches": 14, "num_partial_branches": 3, "covered_branches": 11, "missing_branches": 3}, "missing_lines": [1206, 1235, 1236], "excluded_lines": [], "executed_branches": [[1197, 1199], [1197, 1239], [1205, 1208], [1211, 1212], [1223, 1224], [1243, 1244], [1243, 1257], [1245, 1246], [1245, 1252], [1258, 1259], [1258, 1269]], "missing_branches": [[1205, 1206], [1211, 1197], [1223, 1197]]}, "InvestigatorAgent._create_spectral_explanation": {"executed_lines": [1273, 1301, 1306], "summary": {"covered_lines": 3, "num_statements": 3, "percent_covered": 100.0, "percent_covered_display": "100.00", "missing_lines": 0, "excluded_lines": 0, "num_branches": 0, "num_partial_branches": 0, "covered_branches": 0, "missing_branches": 0}, "missing_lines": [], "excluded_lines": [], "executed_branches": [], "missing_branches": []}, "InvestigatorAgent._extract_affected_entities_from_spectral": {"executed_lines": [1312, 1315, 1316, 1318, 1319, 1325, 1326, 1327, 1328, 1329, 1334, 1337, 1338, 1354], "summary": {"covered_lines": 14, "num_statements": 16, "percent_covered": 80.76923076923077, "percent_covered_display": "80.77", "missing_lines": 2, "excluded_lines": 0, "num_branches": 10, "num_partial_branches": 3, "covered_branches": 7, "missing_branches": 3}, "missing_lines": [1351, 1352], "excluded_lines": [], "executed_branches": [[1315, 1316], [1318, 1319], [1318, 1354], [1325, 1326], [1328, 1329], [1337, 1318], [1337, 1338]], "missing_branches": [[1315, 1354], [1325, 1318], [1328, 1318]]}, "InvestigatorAgent._calculate_spectral_financial_impact": {"executed_lines": [1360, 1362, 1366, 1367, 1368], "summary": {"covered_lines": 5, "num_statements": 8, "percent_covered": 60.0, "percent_covered_display": "60.00", "missing_lines": 3, "excluded_lines": 0, "num_branches": 2, "num_partial_branches": 1, "covered_branches": 1, "missing_branches": 1}, "missing_lines": [1369, 1370, 1372], "excluded_lines": [], "executed_branches": [[1362, 1366]], "missing_branches": [[1362, 1372]]}, "InvestigatorAgent._generate_investigation_summary": {"executed_lines": [1378, 1379, 1382, 1383, 1384, 1385, 1388, 1389, 1390, 1393, 1394, 1395, 1396, 1399, 1401], "summary": {"covered_lines": 15, "num_statements": 15, "percent_covered": 92.0, "percent_covered_display": "92.00", "missing_lines": 0, "excluded_lines": 0, "num_branches": 10, "num_partial_branches": 2, "covered_branches": 8, "missing_branches": 2}, "missing_lines": [], "excluded_lines": [], "executed_branches": [[1382, 1383], [1382, 1388], [1384, 1385], [1388, 1389], [1388, 1393], [1389, 1390], [1394, 1395], [1394, 1399]], "missing_branches": [[1384, 1382], [1389, 1388]]}, "InvestigatorAgent._anomaly_to_dict": {"executed_lines": [1417], "summary": {"covered_lines": 1, "num_statements": 1, "percent_covered": 100.0, "percent_covered_display": "100.00", "missing_lines": 0, "excluded_lines": 0, "num_branches": 0, "num_partial_branches": 0, "covered_branches": 0, "missing_branches": 0}, "missing_lines": [], "excluded_lines": [], "executed_branches": [], "missing_branches": []}, "": {"executed_lines": [1, 10, 11, 12, 13, 15, 16, 17, 18, 20, 21, 22, 23, 30, 31, 32, 33, 36, 37, 38, 40, 41, 42, 43, 44, 45, 46, 47, 48, 51, 52, 54, 55, 58, 61, 64, 67, 70, 75, 76, 88, 154, 158, 162, 325, 378, 490, 548, 597, 680, 774, 887, 988, 1063, 1191, 1271, 1308, 1356, 1374, 1415], "summary": {"covered_lines": 56, "num_statements": 56, "percent_covered": 100.0, "percent_covered_display": "100.00", "missing_lines": 0, "excluded_lines": 0, "num_branches": 0, "num_partial_branches": 0, "covered_branches": 0, "missing_branches": 0}, "missing_lines": [], "excluded_lines": [], "executed_branches": [], "missing_branches": []}}, "classes": {"AnomalyResult": {"executed_lines": [], "summary": {"covered_lines": 0, "num_statements": 0, "percent_covered": 100.0, "percent_covered_display": "100.00", "missing_lines": 0, "excluded_lines": 0, "num_branches": 0, "num_partial_branches": 0, "covered_branches": 0, "missing_branches": 0}, "missing_lines": [], "excluded_lines": [], "executed_branches": [], "missing_branches": []}, "InvestigationRequest": {"executed_lines": [], "summary": {"covered_lines": 0, "num_statements": 0, "percent_covered": 100.0, "percent_covered_display": "100.00", "missing_lines": 0, "excluded_lines": 0, "num_branches": 0, "num_partial_branches": 0, "covered_branches": 0, "missing_branches": 0}, "missing_lines": [], "excluded_lines": [], "executed_branches": [], "missing_branches": []}, "InvestigatorAgent": {"executed_lines": [102, 118, 119, 120, 123, 125, 126, 132, 135, 138, 147, 156, 160, 175, 177, 178, 186, 187, 190, 199, 205, 208, 212, 226, 227, 232, 237, 238, 249, 252, 267, 268, 275, 283, 291, 298, 300, 306, 313, 338, 339, 342, 343, 344, 347, 348, 349, 352, 361, 362, 365, 366, 367, 368, 369, 370, 376, 394, 397, 398, 399, 401, 402, 403, 404, 406, 413, 422, 425, 436, 443, 444, 445, 450, 451, 457, 464, 474, 476, 478, 484, 488, 504, 505, 506, 507, 508, 511, 512, 513, 515, 528, 529, 537, 538, 539, 543, 544, 546, 565, 568, 570, 571, 572, 573, 574, 575, 577, 593, 595, 610, 613, 614, 616, 617, 618, 619, 620, 622, 623, 626, 627, 628, 631, 633, 636, 637, 638, 640, 676, 678, 693, 696, 697, 699, 700, 701, 702, 703, 705, 706, 707, 708, 710, 711, 719, 720, 721, 723, 724, 727, 728, 730, 731, 732, 734, 770, 772, 787, 790, 792, 794, 800, 801, 803, 804, 805, 806, 807, 809, 811, 812, 818, 823, 824, 826, 827, 832, 833, 836, 837, 838, 841, 842, 843, 845, 846, 847, 849, 883, 885, 900, 903, 904, 905, 906, 908, 909, 910, 914, 915, 917, 920, 921, 922, 924, 925, 926, 928, 933, 939, 984, 986, 1001, 1004, 1005, 1006, 1008, 1009, 1010, 1011, 1014, 1015, 1017, 1018, 1019, 1021, 1056, 1058, 1059, 1061, 1076, 1078, 1080, 1082, 1083, 1087, 1090, 1091, 1094, 1107, 1108, 1128, 1131, 1142, 1143, 1144, 1176, 1178, 1189, 1195, 1197, 1199, 1205, 1208, 1210, 1211, 1212, 1217, 1220, 1223, 1224, 1239, 1242, 1243, 1244, 1245, 1246, 1252, 1253, 1254, 1257, 1258, 1259, 1260, 1269, 1273, 1301, 1306, 1312, 1315, 1316, 1318, 1319, 1325, 1326, 1327, 1328, 1329, 1334, 1337, 1338, 1354, 1360, 1362, 1366, 1367, 1368, 1378, 1379, 1382, 1383, 1384, 1385, 1388, 1389, 1390, 1393, 1394, 1395, 1396, 1399, 1401, 1417], "summary": {"covered_lines": 314, "num_statements": 339, "percent_covered": 89.57055214723927, "percent_covered_display": "89.57", "missing_lines": 25, "excluded_lines": 0, "num_branches": 150, "num_partial_branches": 24, "covered_branches": 124, "missing_branches": 26}, "missing_lines": [128, 129, 213, 426, 519, 520, 522, 540, 541, 584, 585, 829, 830, 911, 918, 1185, 1186, 1206, 1235, 1236, 1351, 1352, 1369, 1370, 1372], "excluded_lines": [], "executed_branches": [[125, 126], [186, 187], [186, 199], [212, 226], [226, 227], [237, 238], [237, 249], [338, 339], [338, 342], [348, 349], [348, 352], [361, 362], [361, 365], [365, 366], [368, 369], [368, 376], [369, 370], [398, 399], [398, 406], [425, 436], [443, 444], [443, 450], [450, 451], [450, 464], [505, 506], [505, 511], [507, 508], [512, 513], [512, 537], [537, 538], [537, 546], [539, 543], [570, 571], [570, 593], [571, 572], [616, 617], [616, 622], [618, 616], [618, 619], [622, 623], [622, 626], [633, 636], [633, 678], [636, 633], [636, 637], [699, 700], [699, 723], [706, 707], [710, 711], [710, 719], [723, 724], [723, 727], [727, 728], [727, 772], [730, 727], [730, 731], [792, 794], [792, 832], [800, 792], [800, 801], [804, 792], [804, 805], [811, 812], [811, 818], [823, 824], [832, 833], [832, 836], [841, 842], [841, 885], [842, 841], [842, 843], [845, 841], [845, 846], [903, 904], [903, 986], [905, 906], [905, 908], [908, 903], [908, 909], [910, 914], [917, 920], [924, 908], [924, 925], [1004, 1005], [1004, 1061], [1008, 1004], [1008, 1009], [1014, 1015], [1017, 1004], [1017, 1018], [1082, 1083], [1082, 1090], [1107, 1108], [1107, 1131], [1142, 1143], [1142, 1178], [1143, 1144], [1197, 1199], [1197, 1239], [1205, 1208], [1211, 1212], [1223, 1224], [1243, 1244], [1243, 1257], [1245, 1246], [1245, 1252], [1258, 1259], [1258, 1269], [1315, 1316], [1318, 1319], [1318, 1354], [1325, 1326], [1328, 1329], [1337, 1318], [1337, 1338], [1362, 1366], [1382, 1383], [1382, 1388], [1384, 1385], [1388, 1389], [1388, 1393], [1389, 1390], [1394, 1395], [1394, 1399]], "missing_branches": [[125, 128], [212, 213], [226, 232], [365, 376], [369, 368], [425, 426], [507, 505], [519, 512], [519, 520], [539, 540], [571, 570], [706, 699], [823, 826], [910, 911], [917, 918], [1014, 1004], [1143, 1142], [1205, 1206], [1211, 1197], [1223, 1197], [1315, 1354], [1325, 1318], [1328, 1318], [1362, 1372], [1384, 1382], [1389, 1388]]}, "": {"executed_lines": [1, 10, 11, 12, 13, 15, 16, 17, 18, 20, 21, 22, 23, 30, 31, 32, 33, 36, 37, 38, 40, 41, 42, 43, 44, 45, 46, 47, 48, 51, 52, 54, 55, 58, 61, 64, 67, 70, 75, 76, 88, 154, 158, 162, 325, 378, 490, 548, 597, 680, 774, 887, 988, 1063, 1191, 1271, 1308, 1356, 1374, 1415], "summary": {"covered_lines": 56, "num_statements": 56, "percent_covered": 100.0, "percent_covered_display": "100.00", "missing_lines": 0, "excluded_lines": 0, "num_branches": 0, "num_partial_branches": 0, "covered_branches": 0, "missing_branches": 0}, "missing_lines": [], "excluded_lines": [], "executed_branches": [], "missing_branches": []}}}, "src/agents/zumbi_wrapper.py": {"executed_lines": [1, 5, 6, 7, 8, 11, 86, 88, 89], "summary": {"covered_lines": 8, "num_statements": 24, "percent_covered": 23.529411764705884, "percent_covered_display": "23.53", "missing_lines": 16, "excluded_lines": 0, "num_branches": 10, "num_partial_branches": 0, "covered_branches": 0, "missing_branches": 10}, "missing_lines": [25, 37, 47, 48, 54, 57, 58, 61, 62, 63, 64, 76, 77, 78, 80, 82], "excluded_lines": [], "executed_branches": [], "missing_branches": [[47, 48], [47, 54], [57, 58], [57, 82], [62, 63], [62, 80], [63, 64], [63, 77], [77, 62], [77, 78]], "functions": {"investigate_anomalies_wrapper": {"executed_lines": [], "summary": {"covered_lines": 0, "num_statements": 16, "percent_covered": 0.0, "percent_covered_display": "0.00", "missing_lines": 16, "excluded_lines": 0, "num_branches": 10, "num_partial_branches": 0, "covered_branches": 0, "missing_branches": 10}, "missing_lines": [25, 37, 47, 48, 54, 57, 58, 61, 62, 63, 64, 76, 77, 78, 80, 82], "excluded_lines": [], "executed_branches": [], "missing_branches": [[47, 48], [47, 54], [57, 58], [57, 82], [62, 63], [62, 80], [63, 64], [63, 77], [77, 62], [77, 78]]}, "patch_investigator_agent": {"executed_lines": [88, 89], "summary": {"covered_lines": 2, "num_statements": 2, "percent_covered": 100.0, "percent_covered_display": "100.00", "missing_lines": 0, "excluded_lines": 0, "num_branches": 0, "num_partial_branches": 0, "covered_branches": 0, "missing_branches": 0}, "missing_lines": [], "excluded_lines": [], "executed_branches": [], "missing_branches": []}, "": {"executed_lines": [1, 5, 6, 7, 8, 11, 86], "summary": {"covered_lines": 6, "num_statements": 6, "percent_covered": 100.0, "percent_covered_display": "100.00", "missing_lines": 0, "excluded_lines": 0, "num_branches": 0, "num_partial_branches": 0, "covered_branches": 0, "missing_branches": 0}, "missing_lines": [], "excluded_lines": [], "executed_branches": [], "missing_branches": []}}, "classes": {"": {"executed_lines": [1, 5, 6, 7, 8, 11, 86, 88, 89], "summary": {"covered_lines": 8, "num_statements": 24, "percent_covered": 23.529411764705884, "percent_covered_display": "23.53", "missing_lines": 16, "excluded_lines": 0, "num_branches": 10, "num_partial_branches": 0, "covered_branches": 0, "missing_branches": 10}, "missing_lines": [25, 37, 47, 48, 54, 57, 58, 61, 62, 63, 64, 76, 77, 78, 80, 82], "excluded_lines": [], "executed_branches": [], "missing_branches": [[47, 48], [47, 54], [57, 58], [57, 82], [62, 63], [62, 80], [63, 64], [63, 77], [77, 62], [77, 78]]}}}}, "totals": {"covered_lines": 6081, "num_statements": 7251, "percent_covered": 80.73479468971905, "percent_covered_display": "80.73", "missing_lines": 1170, "excluded_lines": 196, "num_branches": 2466, "num_partial_branches": 346, "covered_branches": 1764, "missing_branches": 702}}
